<?xml version="1.0" encoding="UTF-8"?>
<testsuites name="UC 1 register" time="499.222" tests="3" failures="1" skips="0" errors="0">
   <testsuite name="UC 1 register" tests="3" failures="1" errors="0" time="499.222" skips="0" timestamp="2564-03-23 23:13:48" hostname="Dell - DESKTOP-775C11H" id="Test Suites/UC 1 register">
      <properties>
         <property name="deviceName" value=""/>
         <property name="devicePlatform" value=""/>
         <property name="logFolder" value="C:\\Users\\Dell\\Desktop\\Katalon_Alumni\\Reports\\25640323_231310\\UC 1 register\\25640323_231315"/>
         <property name="logFiles" value="C:\\Users\\Dell\\Desktop\\Katalon_Alumni\\Reports\\25640323_231310\\UC 1 register\\25640323_231315\\execution0.log"/>
         <property name="attachments" value="C:\\Users\\Dell\\Desktop\\Katalon_Alumni\\Reports\\25640323_231310\\UC 1 register\\25640323_231315\\1616516493375.png"/>
         <property name="hostName" value="Dell - DESKTOP-775C11H"/>
         <property name="os" value="Windows 10 64bit"/>
         <property name="katalonVersion" value="7.9.1.208"/>
         <property name="browser" value="Chrome 89.0.4389.90"/>
         <property name="hostAddress" value="192.168.1.128"/>
         <property name="sessionId" value="6d7cc556320c055312dcd0f2b852bd88"/>
         <property name="seleniumVersion" value="3.141.59"/>
         <property name="proxyInformation" value="ProxyInformation { proxyOption=NO_PROXY, proxyServerType=HTTP, username=, password=********, proxyServerAddress=, proxyServerPort=0, executionList=&quot;&quot;, isApplyToDesiredCapabilities=true }"/>
         <property name="platform" value="Windows 10"/>
      </properties>
      <testcase name="Test Cases/UC1_Register/TC 101 Register pass" time="231.653" classname="Test Cases/UC1_Register/TC 101 Register pass" status="PASSED">
         <system-out><![CDATA[2564-03-23 23:13:49 - [TEST_CASE][PASSED] - Test Cases/UC1_Register/TC 101 Register pass: Test Cases/UC1_Register/TC 101 Register pass

2564-03-23 23:13:49 - [TEST_STEP][PASSED] - openBrowser(""): Browser is opened with url: ''

2564-03-23 23:13:50 - [MESSAGE][INFO] - Starting 'Chrome' driver

2564-03-23 23:13:50 - [MESSAGE][INFO] - Action delay is set to 0 milliseconds

2564-03-23 23:14:10 - [MESSAGE][PASSED] - Browser is opened with url: ''

2564-03-23 23:14:10 - [TEST_STEP][PASSED] - navigateToUrl("http://localhost/Alumni/index.php/Alumni/index"): Navigate to 'http://localhost/Alumni/index.php/Alumni/index' successfully

2564-03-23 23:14:41 - [MESSAGE][PASSED] - Navigate to 'http://localhost/Alumni/index.php/Alumni/index' successfully

2564-03-23 23:14:41 - [TEST_STEP][PASSED] - click(findTestObject("Object Repository/Page_NPRU Alumni/a_Register")): Object: 'Object Repository/Page_NPRU Alumni/a_Register' is clicked on

2564-03-23 23:14:55 - [MESSAGE][PASSED] - Object: 'Object Repository/Page_NPRU Alumni/a_Register' is clicked on

2564-03-23 23:14:55 - [TEST_STEP][PASSED] - setText(findTestObject("Object Repository/Page_NPRU Alumni/input__Std_ID"), "614259100"): Text '614259100' is set on object 'Object Repository/Page_NPRU Alumni/input__Std_ID'

2564-03-23 23:15:02 - [MESSAGE][PASSED] - Text '614259100' is set on object 'Object Repository/Page_NPRU Alumni/input__Std_ID'

2564-03-23 23:15:02 - [TEST_STEP][PASSED] - setText(findTestObject("Object Repository/Page_NPRU Alumni/input__classroom"), "61/1"): Text '61/1' is set on object 'Object Repository/Page_NPRU Alumni/input__classroom'

2564-03-23 23:15:04 - [MESSAGE][PASSED] - Text '61/1' is set on object 'Object Repository/Page_NPRU Alumni/input__classroom'

2564-03-23 23:15:04 - [TEST_STEP][PASSED] - setText(findTestObject("Object Repository/Page_NPRU Alumni/input__Name_LastName"), "ออ อด"): Text 'ออ อด' is set on object 'Object Repository/Page_NPRU Alumni/input__Name_LastName'

2564-03-23 23:15:08 - [MESSAGE][PASSED] - Text 'ออ อด' is set on object 'Object Repository/Page_NPRU Alumni/input__Name_LastName'

2564-03-23 23:15:08 - [TEST_STEP][PASSED] - setText(findTestObject("Object Repository/Page_NPRU Alumni/input__ID_Card"), "1234567891234"): Text '1234567891234' is set on object 'Object Repository/Page_NPRU Alumni/input__ID_Card'

2564-03-23 23:15:12 - [MESSAGE][PASSED] - Text '1234567891234' is set on object 'Object Repository/Page_NPRU Alumni/input__ID_Card'

2564-03-23 23:15:12 - [TEST_STEP][PASSED] - click(findTestObject("Object Repository/Page_NPRU Alumni/input__Sex")): Object: 'Object Repository/Page_NPRU Alumni/input__Sex' is clicked on

2564-03-23 23:15:14 - [MESSAGE][PASSED] - Object: 'Object Repository/Page_NPRU Alumni/input__Sex' is clicked on

2564-03-23 23:15:14 - [TEST_STEP][PASSED] - setText(findTestObject("Object Repository/Page_NPRU Alumni/input__Tel"), "0231456987"): Text '0231456987' is set on object 'Object Repository/Page_NPRU Alumni/input__Tel'

2564-03-23 23:15:17 - [MESSAGE][PASSED] - Text '0231456987' is set on object 'Object Repository/Page_NPRU Alumni/input__Tel'

2564-03-23 23:15:17 - [TEST_STEP][PASSED] - setText(findTestObject("Object Repository/Page_NPRU Alumni/input__E_mail"), "w@gmail.com"): Text 'w@gmail.com' is set on object 'Object Repository/Page_NPRU Alumni/input__E_mail'

2564-03-23 23:15:20 - [MESSAGE][PASSED] - Text 'w@gmail.com' is set on object 'Object Repository/Page_NPRU Alumni/input__E_mail'

2564-03-23 23:15:20 - [TEST_STEP][PASSED] - setText(findTestObject("Object Repository/Page_NPRU Alumni/input__Facebook"), "f"): Text 'f' is set on object 'Object Repository/Page_NPRU Alumni/input__Facebook'

2564-03-23 23:15:26 - [MESSAGE][PASSED] - Text 'f' is set on object 'Object Repository/Page_NPRU Alumni/input__Facebook'

2564-03-23 23:15:26 - [TEST_STEP][PASSED] - setText(findTestObject("Object Repository/Page_NPRU Alumni/input__Instagram"), "ig"): Text 'ig' is set on object 'Object Repository/Page_NPRU Alumni/input__Instagram'

2564-03-23 23:15:32 - [MESSAGE][PASSED] - Text 'ig' is set on object 'Object Repository/Page_NPRU Alumni/input__Instagram'

2564-03-23 23:15:32 - [TEST_STEP][PASSED] - setText(findTestObject("Object Repository/Page_NPRU Alumni/input__Name_LastName"), "qw"): Text 'qw' is set on object 'Object Repository/Page_NPRU Alumni/input__Name_LastName'

2564-03-23 23:15:37 - [MESSAGE][PASSED] - Text 'qw' is set on object 'Object Repository/Page_NPRU Alumni/input__Name_LastName'

2564-03-23 23:15:37 - [TEST_STEP][PASSED] - setText(findTestObject("Object Repository/Page_NPRU Alumni/input__End_Year"), "su"): Text 'su' is set on object 'Object Repository/Page_NPRU Alumni/input__End_Year'

2564-03-23 23:15:39 - [MESSAGE][PASSED] - Text 'su' is set on object 'Object Repository/Page_NPRU Alumni/input__End_Year'

2564-03-23 23:15:39 - [TEST_STEP][PASSED] - setText(findTestObject("Object Repository/Page_NPRU Alumni/input__district"), "บล"): Text 'บล' is set on object 'Object Repository/Page_NPRU Alumni/input__district'

2564-03-23 23:15:47 - [MESSAGE][PASSED] - Text 'บล' is set on object 'Object Repository/Page_NPRU Alumni/input__district'

2564-03-23 23:15:48 - [TEST_STEP][PASSED] - setText(findTestObject("Object Repository/Page_NPRU Alumni/input__canton"), "สอง"): Text 'สอง' is set on object 'Object Repository/Page_NPRU Alumni/input__canton'

2564-03-23 23:15:50 - [MESSAGE][PASSED] - Text 'สอง' is set on object 'Object Repository/Page_NPRU Alumni/input__canton'

2564-03-23 23:15:50 - [TEST_STEP][PASSED] - setText(findTestObject("Object Repository/Page_NPRU Alumni/input__province"), "สุ1000"): Text 'สุ1000' is set on object 'Object Repository/Page_NPRU Alumni/input__province'

2564-03-23 23:15:56 - [MESSAGE][PASSED] - Text 'สุ1000' is set on object 'Object Repository/Page_NPRU Alumni/input__province'

2564-03-23 23:15:56 - [TEST_STEP][PASSED] - setText(findTestObject("Object Repository/Page_NPRU Alumni/input__Postal_code"), "72110"): Text '72110' is set on object 'Object Repository/Page_NPRU Alumni/input__Postal_code'

2564-03-23 23:16:10 - [MESSAGE][PASSED] - Text '72110' is set on object 'Object Repository/Page_NPRU Alumni/input__Postal_code'

2564-03-23 23:16:10 - [TEST_STEP][PASSED] - setText(findTestObject("Object Repository/Page_NPRU Alumni/input__Company_Name"), "ยวย"): Text 'ยวย' is set on object 'Object Repository/Page_NPRU Alumni/input__Company_Name'

2564-03-23 23:16:15 - [MESSAGE][PASSED] - Text 'ยวย' is set on object 'Object Repository/Page_NPRU Alumni/input__Company_Name'

2564-03-23 23:16:15 - [TEST_STEP][PASSED] - setText(findTestObject("Object Repository/Page_NPRU Alumni/textarea__Company_Address"), "12/100"): Text '12/100' is set on object 'Object Repository/Page_NPRU Alumni/textarea__Company_Address'

2564-03-23 23:16:24 - [MESSAGE][PASSED] - Text '12/100' is set on object 'Object Repository/Page_NPRU Alumni/textarea__Company_Address'

2564-03-23 23:16:24 - [TEST_STEP][PASSED] - setText(findTestObject("Object Repository/Page_NPRU Alumni/input__Profession"), "we"): Text 'we' is set on object 'Object Repository/Page_NPRU Alumni/input__Profession'

2564-03-23 23:16:34 - [MESSAGE][PASSED] - Text 'we' is set on object 'Object Repository/Page_NPRU Alumni/input__Profession'

2564-03-23 23:16:34 - [TEST_STEP][PASSED] - setText(findTestObject("Object Repository/Page_NPRU Alumni/input__Rank"), "web"): Text 'web' is set on object 'Object Repository/Page_NPRU Alumni/input__Rank'

2564-03-23 23:16:38 - [MESSAGE][PASSED] - Text 'web' is set on object 'Object Repository/Page_NPRU Alumni/input__Rank'

2564-03-23 23:16:38 - [TEST_STEP][PASSED] - setText(findTestObject("Object Repository/Page_NPRU Alumni/input__Company_Tel"), "098723456"): Text '098723456' is set on object 'Object Repository/Page_NPRU Alumni/input__Company_Tel'

2564-03-23 23:16:41 - [MESSAGE][PASSED] - Text '098723456' is set on object 'Object Repository/Page_NPRU Alumni/input__Company_Tel'

2564-03-23 23:16:41 - [TEST_STEP][PASSED] - setText(findTestObject("Object Repository/Page_NPRU Alumni/input__Username"), "earth111"): Text 'earth111' is set on object 'Object Repository/Page_NPRU Alumni/input__Username'

2564-03-23 23:16:42 - [MESSAGE][PASSED] - Text 'earth111' is set on object 'Object Repository/Page_NPRU Alumni/input__Username'

2564-03-23 23:16:42 - [TEST_STEP][PASSED] - setEncryptedText(findTestObject("Object Repository/Page_NPRU Alumni/input__Password"), "VIjOZClaB9I="): Text ****** has been set on object 'Object Repository/Page_NPRU Alumni/input__Password'

2564-03-23 23:16:54 - [MESSAGE][PASSED] - Text ****** has been set on object 'Object Repository/Page_NPRU Alumni/input__Password'

2564-03-23 23:16:54 - [TEST_STEP][PASSED] - setEncryptedText(findTestObject("Object Repository/Page_NPRU Alumni/input__Re_Password"), "VIjOZClaB9I="): Text ****** has been set on object 'Object Repository/Page_NPRU Alumni/input__Re_Password'

2564-03-23 23:16:58 - [MESSAGE][PASSED] - Text ****** has been set on object 'Object Repository/Page_NPRU Alumni/input__Re_Password'

2564-03-23 23:16:58 - [TEST_STEP][PASSED] - click(findTestObject("Object Repository/Page_NPRU Alumni/input__submit")): Object: 'Object Repository/Page_NPRU Alumni/input__submit' is clicked on

2564-03-23 23:17:12 - [MESSAGE][PASSED] - Object: 'Object Repository/Page_NPRU Alumni/input__submit' is clicked on

2564-03-23 23:17:12 - [TEST_STEP][PASSED] - verifyTextPresent("ไม่สามารถเพิ่มข้อมูลได้ค่ะ !", false): Text 'ไม่สามารถเพิ่มข้อมูลได้ค่ะ !' is present on page 

2564-03-23 23:17:15 - [MESSAGE][PASSED] - Text 'ไม่สามารถเพิ่มข้อมูลได้ค่ะ !' is present on page 

2564-03-23 23:17:15 - [TEST_STEP][PASSED] - closeBrowser(): Browser is closed

2564-03-23 23:17:40 - [MESSAGE][PASSED] - Browser is closed]]></system-out>
         <system-err><![CDATA[]]></system-err>
      </testcase>
      <testcase name="Test Cases/UC1_Register/TC 102 Register pass" time="232.93" classname="Test Cases/UC1_Register/TC 102 Register pass" status="FAILED">
         <failure type="FAILED" message="Test Cases/UC1_Register/TC 102 Register pass FAILED.
Reason:
com.kms.katalon.core.exception.StepFailedException: Unable to verify text 'สาขาวิศวกรรมซอฟต์แวร์' is present 
	at com.kms.katalon.core.webui.keyword.internal.WebUIKeywordMain.stepFailed(WebUIKeywordMain.groovy:64)
	at com.kms.katalon.core.webui.keyword.internal.WebUIKeywordMain.runKeyword(WebUIKeywordMain.groovy:26)
	at com.kms.katalon.core.webui.keyword.builtin.VerifyTextPresentKeyword.verifyTextPresent(VerifyTextPresentKeyword.groovy:83)
	at com.kms.katalon.core.webui.keyword.builtin.VerifyTextPresentKeyword.execute(VerifyTextPresentKeyword.groovy:68)
	at com.kms.katalon.core.keyword.internal.KeywordExecutor.executeKeywordForPlatform(KeywordExecutor.groovy:73)
	at com.kms.katalon.core.webui.keyword.WebUiBuiltInKeywords.verifyTextPresent(WebUiBuiltInKeywords.groovy:1722)
	at com.kms.katalon.core.webui.keyword.WebUiBuiltInKeywords$verifyTextPresent$4.call(Unknown Source)
	at TC 102 Register pass.run(TC 102 Register pass:83)
	at com.kms.katalon.core.main.ScriptEngine.run(ScriptEngine.java:194)
	at com.kms.katalon.core.main.ScriptEngine.runScriptAsRawText(ScriptEngine.java:119)
	at com.kms.katalon.core.main.TestCaseExecutor.runScript(TestCaseExecutor.java:398)
	at com.kms.katalon.core.main.TestCaseExecutor.doExecute(TestCaseExecutor.java:389)
	at com.kms.katalon.core.main.TestCaseExecutor.processExecutionPhase(TestCaseExecutor.java:368)
	at com.kms.katalon.core.main.TestCaseExecutor.accessMainPhase(TestCaseExecutor.java:360)
	at com.kms.katalon.core.main.TestCaseExecutor.execute(TestCaseExecutor.java:255)
	at com.kms.katalon.core.main.TestSuiteExecutor.accessTestCaseMainPhase(TestSuiteExecutor.java:203)
	at com.kms.katalon.core.main.TestSuiteExecutor.accessTestSuiteMainPhase(TestSuiteExecutor.java:152)
	at com.kms.katalon.core.main.TestSuiteExecutor.execute(TestSuiteExecutor.java:95)
	at com.kms.katalon.core.main.TestCaseMain.startTestSuite(TestCaseMain.java:157)
	at com.kms.katalon.core.main.TestCaseMain$startTestSuite$0.call(Unknown Source)
	at TempTestSuite1616515995908.run(TempTestSuite1616515995908.groovy:39)
Caused by: com.kms.katalon.core.exception.StepFailedException: Text 'สาขาวิศวกรรมซอฟต์แวร์' is not present on page 
	at com.kms.katalon.core.webui.keyword.internal.WebUIKeywordMain.stepFailed(WebUIKeywordMain.groovy:64)
	at com.kms.katalon.core.webui.keyword.builtin.VerifyTextPresentKeyword$_verifyTextPresent_closure1.doCall(VerifyTextPresentKeyword.groovy:79)
	at com.kms.katalon.core.webui.keyword.builtin.VerifyTextPresentKeyword$_verifyTextPresent_closure1.call(VerifyTextPresentKeyword.groovy)
	at com.kms.katalon.core.webui.keyword.internal.WebUIKeywordMain.runKeyword(WebUIKeywordMain.groovy:20)
	... 19 more
"/>
         <system-out><![CDATA[2564-03-23 23:17:42 - [TEST_CASE][FAILED] - Test Cases/UC1_Register/TC 102 Register pass: Test Cases/UC1_Register/TC 102 Register pass FAILED.
Reason:
com.kms.katalon.core.exception.StepFailedException: Unable to verify text 'สาขาวิศวกรรมซอฟต์แวร์' is present 
	at com.kms.katalon.core.webui.keyword.internal.WebUIKeywordMain.stepFailed(WebUIKeywordMain.groovy:64)
	at com.kms.katalon.core.webui.keyword.internal.WebUIKeywordMain.runKeyword(WebUIKeywordMain.groovy:26)
	at com.kms.katalon.core.webui.keyword.builtin.VerifyTextPresentKeyword.verifyTextPresent(VerifyTextPresentKeyword.groovy:83)
	at com.kms.katalon.core.webui.keyword.builtin.VerifyTextPresentKeyword.execute(VerifyTextPresentKeyword.groovy:68)
	at com.kms.katalon.core.keyword.internal.KeywordExecutor.executeKeywordForPlatform(KeywordExecutor.groovy:73)
	at com.kms.katalon.core.webui.keyword.WebUiBuiltInKeywords.verifyTextPresent(WebUiBuiltInKeywords.groovy:1722)
	at com.kms.katalon.core.webui.keyword.WebUiBuiltInKeywords$verifyTextPresent$4.call(Unknown Source)
	at TC 102 Register pass.run(TC 102 Register pass:83)
	at com.kms.katalon.core.main.ScriptEngine.run(ScriptEngine.java:194)
	at com.kms.katalon.core.main.ScriptEngine.runScriptAsRawText(ScriptEngine.java:119)
	at com.kms.katalon.core.main.TestCaseExecutor.runScript(TestCaseExecutor.java:398)
	at com.kms.katalon.core.main.TestCaseExecutor.doExecute(TestCaseExecutor.java:389)
	at com.kms.katalon.core.main.TestCaseExecutor.processExecutionPhase(TestCaseExecutor.java:368)
	at com.kms.katalon.core.main.TestCaseExecutor.accessMainPhase(TestCaseExecutor.java:360)
	at com.kms.katalon.core.main.TestCaseExecutor.execute(TestCaseExecutor.java:255)
	at com.kms.katalon.core.main.TestSuiteExecutor.accessTestCaseMainPhase(TestSuiteExecutor.java:203)
	at com.kms.katalon.core.main.TestSuiteExecutor.accessTestSuiteMainPhase(TestSuiteExecutor.java:152)
	at com.kms.katalon.core.main.TestSuiteExecutor.execute(TestSuiteExecutor.java:95)
	at com.kms.katalon.core.main.TestCaseMain.startTestSuite(TestCaseMain.java:157)
	at com.kms.katalon.core.main.TestCaseMain$startTestSuite$0.call(Unknown Source)
	at TempTestSuite1616515995908.run(TempTestSuite1616515995908.groovy:39)
Caused by: com.kms.katalon.core.exception.StepFailedException: Text 'สาขาวิศวกรรมซอฟต์แวร์' is not present on page 
	at com.kms.katalon.core.webui.keyword.internal.WebUIKeywordMain.stepFailed(WebUIKeywordMain.groovy:64)
	at com.kms.katalon.core.webui.keyword.builtin.VerifyTextPresentKeyword$_verifyTextPresent_closure1.doCall(VerifyTextPresentKeyword.groovy:79)
	at com.kms.katalon.core.webui.keyword.builtin.VerifyTextPresentKeyword$_verifyTextPresent_closure1.call(VerifyTextPresentKeyword.groovy)
	at com.kms.katalon.core.webui.keyword.internal.WebUIKeywordMain.runKeyword(WebUIKeywordMain.groovy:20)
	... 19 more


2564-03-23 23:17:51 - [TEST_STEP][PASSED] - openBrowser(""): Browser is opened with url: ''

2564-03-23 23:17:51 - [MESSAGE][INFO] - Starting 'Chrome' driver

2564-03-23 23:17:51 - [MESSAGE][INFO] - Action delay is set to 0 milliseconds

2564-03-23 23:18:06 - [MESSAGE][PASSED] - Browser is opened with url: ''

2564-03-23 23:18:06 - [TEST_STEP][PASSED] - navigateToUrl("http://localhost/Alumni/index.php/Alumni/index"): Navigate to 'http://localhost/Alumni/index.php/Alumni/index' successfully

2564-03-23 23:18:11 - [MESSAGE][PASSED] - Navigate to 'http://localhost/Alumni/index.php/Alumni/index' successfully

2564-03-23 23:18:11 - [TEST_STEP][PASSED] - click(findTestObject("Object Repository/reg/Page_NPRU Alumni/a_Register")): Object: 'Object Repository/reg/Page_NPRU Alumni/a_Register' is clicked on

2564-03-23 23:18:27 - [MESSAGE][PASSED] - Object: 'Object Repository/reg/Page_NPRU Alumni/a_Register' is clicked on

2564-03-23 23:18:27 - [TEST_STEP][PASSED] - setText(findTestObject("Object Repository/reg/Page_NPRU Alumni/input__Std_ID"), "714259014"): Text '714259014' is set on object 'Object Repository/reg/Page_NPRU Alumni/input__Std_ID'

2564-03-23 23:18:29 - [MESSAGE][PASSED] - Text '714259014' is set on object 'Object Repository/reg/Page_NPRU Alumni/input__Std_ID'

2564-03-23 23:18:29 - [TEST_STEP][PASSED] - setText(findTestObject("Object Repository/reg/Page_NPRU Alumni/input__classroom"), "61/100"): Text '61/100' is set on object 'Object Repository/reg/Page_NPRU Alumni/input__classroom'

2564-03-23 23:18:31 - [MESSAGE][PASSED] - Text '61/100' is set on object 'Object Repository/reg/Page_NPRU Alumni/input__classroom'

2564-03-23 23:18:32 - [TEST_STEP][PASSED] - setText(findTestObject("Object Repository/reg/Page_NPRU Alumni/input__Name_LastName"), "holloween"): Text 'holloween' is set on object 'Object Repository/reg/Page_NPRU Alumni/input__Name_LastName'

2564-03-23 23:18:37 - [MESSAGE][PASSED] - Text 'holloween' is set on object 'Object Repository/reg/Page_NPRU Alumni/input__Name_LastName'

2564-03-23 23:18:37 - [TEST_STEP][PASSED] - setText(findTestObject("Object Repository/reg/Page_NPRU Alumni/input__ID_Card"), "1729800227189"): Text '1729800227189' is set on object 'Object Repository/reg/Page_NPRU Alumni/input__ID_Card'

2564-03-23 23:18:42 - [MESSAGE][PASSED] - Text '1729800227189' is set on object 'Object Repository/reg/Page_NPRU Alumni/input__ID_Card'

2564-03-23 23:18:42 - [TEST_STEP][PASSED] - click(findTestObject("Object Repository/reg/Page_NPRU Alumni/input__Sex")): Object: 'Object Repository/reg/Page_NPRU Alumni/input__Sex' is clicked on

2564-03-23 23:18:47 - [MESSAGE][PASSED] - Object: 'Object Repository/reg/Page_NPRU Alumni/input__Sex' is clicked on

2564-03-23 23:18:47 - [TEST_STEP][PASSED] - setText(findTestObject("Object Repository/reg/Page_NPRU Alumni/input__Tel"), "0657756982"): Text '0657756982' is set on object 'Object Repository/reg/Page_NPRU Alumni/input__Tel'

2564-03-23 23:18:53 - [MESSAGE][PASSED] - Text '0657756982' is set on object 'Object Repository/reg/Page_NPRU Alumni/input__Tel'

2564-03-23 23:18:53 - [TEST_STEP][PASSED] - setText(findTestObject("Object Repository/reg/Page_NPRU Alumni/input__E_mail"), "noch@gmail.com"): Text 'noch@gmail.com' is set on object 'Object Repository/reg/Page_NPRU Alumni/input__E_mail'

2564-03-23 23:18:58 - [MESSAGE][PASSED] - Text 'noch@gmail.com' is set on object 'Object Repository/reg/Page_NPRU Alumni/input__E_mail'

2564-03-23 23:18:58 - [TEST_STEP][PASSED] - setText(findTestObject("Object Repository/reg/Page_NPRU Alumni/input__Facebook"), "facebook"): Text 'facebook' is set on object 'Object Repository/reg/Page_NPRU Alumni/input__Facebook'

2564-03-23 23:19:05 - [MESSAGE][PASSED] - Text 'facebook' is set on object 'Object Repository/reg/Page_NPRU Alumni/input__Facebook'

2564-03-23 23:19:05 - [TEST_STEP][PASSED] - setText(findTestObject("Object Repository/reg/Page_NPRU Alumni/input__Instagram"), "instagram"): Text 'instagram' is set on object 'Object Repository/reg/Page_NPRU Alumni/input__Instagram'

2564-03-23 23:19:09 - [MESSAGE][PASSED] - Text 'instagram' is set on object 'Object Repository/reg/Page_NPRU Alumni/input__Instagram'

2564-03-23 23:19:09 - [TEST_STEP][PASSED] - click(findTestObject("Object Repository/reg/Page_NPRU Alumni/input__Name_LastName")): Object: 'Object Repository/reg/Page_NPRU Alumni/input__Name_LastName' is clicked on

2564-03-23 23:19:37 - [MESSAGE][PASSED] - Object: 'Object Repository/reg/Page_NPRU Alumni/input__Name_LastName' is clicked on

2564-03-23 23:19:37 - [TEST_STEP][PASSED] - click(findTestObject("Object Repository/reg/Page_NPRU Alumni/input__Name_LastName")): Object: 'Object Repository/reg/Page_NPRU Alumni/input__Name_LastName' is clicked on

2564-03-23 23:19:45 - [MESSAGE][PASSED] - Object: 'Object Repository/reg/Page_NPRU Alumni/input__Name_LastName' is clicked on

2564-03-23 23:19:45 - [TEST_STEP][PASSED] - setText(findTestObject("reg/Page_NPRU Alumni/input__Name_LastName - Copy"), "holloween"): Text 'holloween' is set on object 'Object Repository/reg/Page_NPRU Alumni/input__Name_LastName - Copy'

2564-03-23 23:19:49 - [MESSAGE][PASSED] - Text 'holloween' is set on object 'Object Repository/reg/Page_NPRU Alumni/input__Name_LastName - Copy'

2564-03-23 23:19:49 - [TEST_STEP][PASSED] - click(findTestObject("Object Repository/reg/Page_NPRU Alumni/input__canton")): Object: 'Object Repository/reg/Page_NPRU Alumni/input__canton' is clicked on

2564-03-23 23:19:54 - [MESSAGE][PASSED] - Object: 'Object Repository/reg/Page_NPRU Alumni/input__canton' is clicked on

2564-03-23 23:19:54 - [TEST_STEP][PASSED] - setText(findTestObject("Object Repository/reg/Page_NPRU Alumni/input__End_Year"), "2561"): Text '2561' is set on object 'Object Repository/reg/Page_NPRU Alumni/input__End_Year'

2564-03-23 23:19:55 - [MESSAGE][PASSED] - Text '2561' is set on object 'Object Repository/reg/Page_NPRU Alumni/input__End_Year'

2564-03-23 23:19:55 - [TEST_STEP][PASSED] - setText(findTestObject("Object Repository/reg/Page_NPRU Alumni/input__district"), "bangtatan"): Text 'bangtatan' is set on object 'Object Repository/reg/Page_NPRU Alumni/input__district'

2564-03-23 23:20:56 - [MESSAGE][PASSED] - Text 'bangtatan' is set on object 'Object Repository/reg/Page_NPRU Alumni/input__district'

2564-03-23 23:20:56 - [TEST_STEP][PASSED] - setText(findTestObject("Object Repository/reg/Page_NPRU Alumni/input__canton"), "songphinong"): Text 'songphinong' is set on object 'Object Repository/reg/Page_NPRU Alumni/input__canton'

2564-03-23 23:20:58 - [MESSAGE][PASSED] - Text 'songphinong' is set on object 'Object Repository/reg/Page_NPRU Alumni/input__canton'

2564-03-23 23:20:58 - [TEST_STEP][PASSED] - setText(findTestObject("Object Repository/reg/Page_NPRU Alumni/input__province"), "supan"): Text 'supan' is set on object 'Object Repository/reg/Page_NPRU Alumni/input__province'

2564-03-23 23:20:59 - [MESSAGE][PASSED] - Text 'supan' is set on object 'Object Repository/reg/Page_NPRU Alumni/input__province'

2564-03-23 23:20:59 - [TEST_STEP][PASSED] - setText(findTestObject("Object Repository/reg/Page_NPRU Alumni/input__Postal_code"), "72110"): Text '72110' is set on object 'Object Repository/reg/Page_NPRU Alumni/input__Postal_code'

2564-03-23 23:21:00 - [MESSAGE][PASSED] - Text '72110' is set on object 'Object Repository/reg/Page_NPRU Alumni/input__Postal_code'

2564-03-23 23:21:00 - [TEST_STEP][PASSED] - click(findTestObject("Object Repository/reg/Page_NPRU Alumni/input__Company_Name")): Object: 'Object Repository/reg/Page_NPRU Alumni/input__Company_Name' is clicked on

2564-03-23 23:21:01 - [MESSAGE][PASSED] - Object: 'Object Repository/reg/Page_NPRU Alumni/input__Company_Name' is clicked on

2564-03-23 23:21:01 - [TEST_STEP][PASSED] - setText(findTestObject("Object Repository/reg/Page_NPRU Alumni/input__classroom"), "61/101"): Text '61/101' is set on object 'Object Repository/reg/Page_NPRU Alumni/input__classroom'

2564-03-23 23:21:02 - [MESSAGE][PASSED] - Text '61/101' is set on object 'Object Repository/reg/Page_NPRU Alumni/input__classroom'

2564-03-23 23:21:02 - [TEST_STEP][PASSED] - setText(findTestObject("Object Repository/reg/Page_NPRU Alumni/input__Company_Name"), "noch"): Text 'noch' is set on object 'Object Repository/reg/Page_NPRU Alumni/input__Company_Name'

2564-03-23 23:21:02 - [MESSAGE][PASSED] - Text 'noch' is set on object 'Object Repository/reg/Page_NPRU Alumni/input__Company_Name'

2564-03-23 23:21:02 - [TEST_STEP][PASSED] - setText(findTestObject("Object Repository/reg/Page_NPRU Alumni/textarea__Company_Address"), "1158"): Text '1158' is set on object 'Object Repository/reg/Page_NPRU Alumni/textarea__Company_Address'

2564-03-23 23:21:03 - [MESSAGE][PASSED] - Text '1158' is set on object 'Object Repository/reg/Page_NPRU Alumni/textarea__Company_Address'

2564-03-23 23:21:03 - [TEST_STEP][PASSED] - setText(findTestObject("Object Repository/reg/Page_NPRU Alumni/input__Profession"), "dev"): Text 'dev' is set on object 'Object Repository/reg/Page_NPRU Alumni/input__Profession'

2564-03-23 23:21:04 - [MESSAGE][PASSED] - Text 'dev' is set on object 'Object Repository/reg/Page_NPRU Alumni/input__Profession'

2564-03-23 23:21:04 - [TEST_STEP][PASSED] - setText(findTestObject("Object Repository/reg/Page_NPRU Alumni/input__Rank"), "dev"): Text 'dev' is set on object 'Object Repository/reg/Page_NPRU Alumni/input__Rank'

2564-03-23 23:21:05 - [MESSAGE][PASSED] - Text 'dev' is set on object 'Object Repository/reg/Page_NPRU Alumni/input__Rank'

2564-03-23 23:21:06 - [TEST_STEP][PASSED] - setText(findTestObject("Object Repository/reg/Page_NPRU Alumni/input__Company_Tel"), "0654486950"): Text '0654486950' is set on object 'Object Repository/reg/Page_NPRU Alumni/input__Company_Tel'

2564-03-23 23:21:08 - [MESSAGE][PASSED] - Text '0654486950' is set on object 'Object Repository/reg/Page_NPRU Alumni/input__Company_Tel'

2564-03-23 23:21:08 - [TEST_STEP][PASSED] - setText(findTestObject("Object Repository/reg/Page_NPRU Alumni/input__Username"), "nochee"): Text 'nochee' is set on object 'Object Repository/reg/Page_NPRU Alumni/input__Username'

2564-03-23 23:21:10 - [MESSAGE][PASSED] - Text 'nochee' is set on object 'Object Repository/reg/Page_NPRU Alumni/input__Username'

2564-03-23 23:21:10 - [TEST_STEP][PASSED] - setEncryptedText(findTestObject("Object Repository/reg/Page_NPRU Alumni/input__Password"), "VIjOZClaB9I="): Text ****** has been set on object 'Object Repository/reg/Page_NPRU Alumni/input__Password'

2564-03-23 23:21:11 - [MESSAGE][PASSED] - Text ****** has been set on object 'Object Repository/reg/Page_NPRU Alumni/input__Password'

2564-03-23 23:21:11 - [TEST_STEP][PASSED] - setEncryptedText(findTestObject("Object Repository/reg/Page_NPRU Alumni/input__Re_Password"), "VIjOZClaB9I="): Text ****** has been set on object 'Object Repository/reg/Page_NPRU Alumni/input__Re_Password'

2564-03-23 23:21:11 - [MESSAGE][PASSED] - Text ****** has been set on object 'Object Repository/reg/Page_NPRU Alumni/input__Re_Password'

2564-03-23 23:21:11 - [TEST_STEP][PASSED] - click(findTestObject("Object Repository/reg/Page_NPRU Alumni/input__submit")): Object: 'Object Repository/reg/Page_NPRU Alumni/input__submit' is clicked on

2564-03-23 23:21:28 - [MESSAGE][PASSED] - Object: 'Object Repository/reg/Page_NPRU Alumni/input__submit' is clicked on

2564-03-23 23:21:28 - [TEST_STEP][FAILED] - verifyTextPresent("สาขาวิศวกรรมซอฟต์แวร์", false): Unable to verify text 'สาขาวิศวกรรมซอฟต์แวร์' is present  (Root cause: com.kms.katalon.core.exception.StepFailedException: Unable to verify text 'สาขาวิศวกรรมซอฟต์แวร์' is present 
	at com.kms.katalon.core.webui.keyword.internal.WebUIKeywordMain.stepFailed(WebUIKeywordMain.groovy:64)
	at com.kms.katalon.core.webui.keyword.internal.WebUIKeywordMain.runKeyword(WebUIKeywordMain.groovy:26)
	at com.kms.katalon.core.webui.keyword.builtin.VerifyTextPresentKeyword.verifyTextPresent(VerifyTextPresentKeyword.groovy:83)
	at com.kms.katalon.core.webui.keyword.builtin.VerifyTextPresentKeyword.execute(VerifyTextPresentKeyword.groovy:68)
	at com.kms.katalon.core.keyword.internal.KeywordExecutor.executeKeywordForPlatform(KeywordExecutor.groovy:73)
	at com.kms.katalon.core.webui.keyword.WebUiBuiltInKeywords.verifyTextPresent(WebUiBuiltInKeywords.groovy:1722)
	at com.kms.katalon.core.webui.keyword.WebUiBuiltInKeywords$verifyTextPresent$4.call(Unknown Source)
	at TC 102 Register pass.run(TC 102 Register pass:83)
	at com.kms.katalon.core.main.ScriptEngine.run(ScriptEngine.java:194)
	at com.kms.katalon.core.main.ScriptEngine.runScriptAsRawText(ScriptEngine.java:119)
	at com.kms.katalon.core.main.TestCaseExecutor.runScript(TestCaseExecutor.java:398)
	at com.kms.katalon.core.main.TestCaseExecutor.doExecute(TestCaseExecutor.java:389)
	at com.kms.katalon.core.main.TestCaseExecutor.processExecutionPhase(TestCaseExecutor.java:368)
	at com.kms.katalon.core.main.TestCaseExecutor.accessMainPhase(TestCaseExecutor.java:360)
	at com.kms.katalon.core.main.TestCaseExecutor.execute(TestCaseExecutor.java:255)
	at com.kms.katalon.core.main.TestSuiteExecutor.accessTestCaseMainPhase(TestSuiteExecutor.java:203)
	at com.kms.katalon.core.main.TestSuiteExecutor.accessTestSuiteMainPhase(TestSuiteExecutor.java:152)
	at com.kms.katalon.core.main.TestSuiteExecutor.execute(TestSuiteExecutor.java:95)
	at com.kms.katalon.core.main.TestCaseMain.startTestSuite(TestCaseMain.java:157)
	at com.kms.katalon.core.main.TestCaseMain$startTestSuite$0.call(Unknown Source)
	at TempTestSuite1616515995908.run(TempTestSuite1616515995908.groovy:39)
Caused by: com.kms.katalon.core.exception.StepFailedException: Text 'สาขาวิศวกรรมซอฟต์แวร์' is not present on page 
	at com.kms.katalon.core.webui.keyword.internal.WebUIKeywordMain.stepFailed(WebUIKeywordMain.groovy:64)
	at com.kms.katalon.core.webui.keyword.builtin.VerifyTextPresentKeyword$_verifyTextPresent_closure1.doCall(VerifyTextPresentKeyword.groovy:79)
	at com.kms.katalon.core.webui.keyword.builtin.VerifyTextPresentKeyword$_verifyTextPresent_closure1.call(VerifyTextPresentKeyword.groovy)
	at com.kms.katalon.core.webui.keyword.internal.WebUIKeywordMain.runKeyword(WebUIKeywordMain.groovy:20)
	... 19 more
)

2564-03-23 23:21:33 - [MESSAGE][FAILED] - Text 'สาขาวิศวกรรมซอฟต์แวร์' is not present on page  (Root cause: com.kms.katalon.core.exception.StepFailedException: Text 'สาขาวิศวกรรมซอฟต์แวร์' is not present on page 
	at com.kms.katalon.core.webui.keyword.internal.WebUIKeywordMain.stepFailed(WebUIKeywordMain.groovy:64)
	at com.kms.katalon.core.webui.keyword.builtin.VerifyTextPresentKeyword$_verifyTextPresent_closure1.doCall(VerifyTextPresentKeyword.groovy:79)
	at com.kms.katalon.core.webui.keyword.builtin.VerifyTextPresentKeyword$_verifyTextPresent_closure1.call(VerifyTextPresentKeyword.groovy)
	at com.kms.katalon.core.webui.keyword.internal.WebUIKeywordMain.runKeyword(WebUIKeywordMain.groovy:20)
	at com.kms.katalon.core.webui.keyword.builtin.VerifyTextPresentKeyword.verifyTextPresent(VerifyTextPresentKeyword.groovy:83)
	at com.kms.katalon.core.webui.keyword.builtin.VerifyTextPresentKeyword.execute(VerifyTextPresentKeyword.groovy:68)
	at com.kms.katalon.core.keyword.internal.KeywordExecutor.executeKeywordForPlatform(KeywordExecutor.groovy:73)
	at com.kms.katalon.core.webui.keyword.WebUiBuiltInKeywords.verifyTextPresent(WebUiBuiltInKeywords.groovy:1722)
	at com.kms.katalon.core.webui.keyword.WebUiBuiltInKeywords$verifyTextPresent$4.call(Unknown Source)
	at TC 102 Register pass.run(TC 102 Register pass:83)
	at com.kms.katalon.core.main.ScriptEngine.run(ScriptEngine.java:194)
	at com.kms.katalon.core.main.ScriptEngine.runScriptAsRawText(ScriptEngine.java:119)
	at com.kms.katalon.core.main.TestCaseExecutor.runScript(TestCaseExecutor.java:398)
	at com.kms.katalon.core.main.TestCaseExecutor.doExecute(TestCaseExecutor.java:389)
	at com.kms.katalon.core.main.TestCaseExecutor.processExecutionPhase(TestCaseExecutor.java:368)
	at com.kms.katalon.core.main.TestCaseExecutor.accessMainPhase(TestCaseExecutor.java:360)
	at com.kms.katalon.core.main.TestCaseExecutor.execute(TestCaseExecutor.java:255)
	at com.kms.katalon.core.main.TestSuiteExecutor.accessTestCaseMainPhase(TestSuiteExecutor.java:203)
	at com.kms.katalon.core.main.TestSuiteExecutor.accessTestSuiteMainPhase(TestSuiteExecutor.java:152)
	at com.kms.katalon.core.main.TestSuiteExecutor.execute(TestSuiteExecutor.java:95)
	at com.kms.katalon.core.main.TestCaseMain.startTestSuite(TestCaseMain.java:157)
	at com.kms.katalon.core.main.TestCaseMain$startTestSuite$0.call(Unknown Source)
	at TempTestSuite1616515995908.run(TempTestSuite1616515995908.groovy:39)
)

2564-03-23 23:21:34 - [MESSAGE][FAILED] - Unable to verify text 'สาขาวิศวกรรมซอฟต์แวร์' is present  (Root cause: com.kms.katalon.core.exception.StepFailedException: Unable to verify text 'สาขาวิศวกรรมซอฟต์แวร์' is present 
	at com.kms.katalon.core.webui.keyword.internal.WebUIKeywordMain.stepFailed(WebUIKeywordMain.groovy:64)
	at com.kms.katalon.core.webui.keyword.internal.WebUIKeywordMain.runKeyword(WebUIKeywordMain.groovy:26)
	at com.kms.katalon.core.webui.keyword.builtin.VerifyTextPresentKeyword.verifyTextPresent(VerifyTextPresentKeyword.groovy:83)
	at com.kms.katalon.core.webui.keyword.builtin.VerifyTextPresentKeyword.execute(VerifyTextPresentKeyword.groovy:68)
	at com.kms.katalon.core.keyword.internal.KeywordExecutor.executeKeywordForPlatform(KeywordExecutor.groovy:73)
	at com.kms.katalon.core.webui.keyword.WebUiBuiltInKeywords.verifyTextPresent(WebUiBuiltInKeywords.groovy:1722)
	at com.kms.katalon.core.webui.keyword.WebUiBuiltInKeywords$verifyTextPresent$4.call(Unknown Source)
	at TC 102 Register pass.run(TC 102 Register pass:83)
	at com.kms.katalon.core.main.ScriptEngine.run(ScriptEngine.java:194)
	at com.kms.katalon.core.main.ScriptEngine.runScriptAsRawText(ScriptEngine.java:119)
	at com.kms.katalon.core.main.TestCaseExecutor.runScript(TestCaseExecutor.java:398)
	at com.kms.katalon.core.main.TestCaseExecutor.doExecute(TestCaseExecutor.java:389)
	at com.kms.katalon.core.main.TestCaseExecutor.processExecutionPhase(TestCaseExecutor.java:368)
	at com.kms.katalon.core.main.TestCaseExecutor.accessMainPhase(TestCaseExecutor.java:360)
	at com.kms.katalon.core.main.TestCaseExecutor.execute(TestCaseExecutor.java:255)
	at com.kms.katalon.core.main.TestSuiteExecutor.accessTestCaseMainPhase(TestSuiteExecutor.java:203)
	at com.kms.katalon.core.main.TestSuiteExecutor.accessTestSuiteMainPhase(TestSuiteExecutor.java:152)
	at com.kms.katalon.core.main.TestSuiteExecutor.execute(TestSuiteExecutor.java:95)
	at com.kms.katalon.core.main.TestCaseMain.startTestSuite(TestCaseMain.java:157)
	at com.kms.katalon.core.main.TestCaseMain$startTestSuite$0.call(Unknown Source)
	at TempTestSuite1616515995908.run(TempTestSuite1616515995908.groovy:39)
Caused by: com.kms.katalon.core.exception.StepFailedException: Text 'สาขาวิศวกรรมซอฟต์แวร์' is not present on page 
	at com.kms.katalon.core.webui.keyword.internal.WebUIKeywordMain.stepFailed(WebUIKeywordMain.groovy:64)
	at com.kms.katalon.core.webui.keyword.builtin.VerifyTextPresentKeyword$_verifyTextPresent_closure1.doCall(VerifyTextPresentKeyword.groovy:79)
	at com.kms.katalon.core.webui.keyword.builtin.VerifyTextPresentKeyword$_verifyTextPresent_closure1.call(VerifyTextPresentKeyword.groovy)
	at com.kms.katalon.core.webui.keyword.internal.WebUIKeywordMain.runKeyword(WebUIKeywordMain.groovy:20)
	... 19 more
)
[[ATTACHMENT|C:\\Users\\Dell\\Desktop\\Katalon_Alumni\\Reports\\25640323_231310\\UC 1 register\\25640323_231315\\1616516493375.png]]]]></system-out>
         <system-err><![CDATA[2564-03-23 23:17:42 - [TEST_CASE][FAILED] - Test Cases/UC1_Register/TC 102 Register pass: Test Cases/UC1_Register/TC 102 Register pass FAILED.
Reason:
com.kms.katalon.core.exception.StepFailedException: Unable to verify text 'สาขาวิศวกรรมซอฟต์แวร์' is present 
	at com.kms.katalon.core.webui.keyword.internal.WebUIKeywordMain.stepFailed(WebUIKeywordMain.groovy:64)
	at com.kms.katalon.core.webui.keyword.internal.WebUIKeywordMain.runKeyword(WebUIKeywordMain.groovy:26)
	at com.kms.katalon.core.webui.keyword.builtin.VerifyTextPresentKeyword.verifyTextPresent(VerifyTextPresentKeyword.groovy:83)
	at com.kms.katalon.core.webui.keyword.builtin.VerifyTextPresentKeyword.execute(VerifyTextPresentKeyword.groovy:68)
	at com.kms.katalon.core.keyword.internal.KeywordExecutor.executeKeywordForPlatform(KeywordExecutor.groovy:73)
	at com.kms.katalon.core.webui.keyword.WebUiBuiltInKeywords.verifyTextPresent(WebUiBuiltInKeywords.groovy:1722)
	at com.kms.katalon.core.webui.keyword.WebUiBuiltInKeywords$verifyTextPresent$4.call(Unknown Source)
	at TC 102 Register pass.run(TC 102 Register pass:83)
	at com.kms.katalon.core.main.ScriptEngine.run(ScriptEngine.java:194)
	at com.kms.katalon.core.main.ScriptEngine.runScriptAsRawText(ScriptEngine.java:119)
	at com.kms.katalon.core.main.TestCaseExecutor.runScript(TestCaseExecutor.java:398)
	at com.kms.katalon.core.main.TestCaseExecutor.doExecute(TestCaseExecutor.java:389)
	at com.kms.katalon.core.main.TestCaseExecutor.processExecutionPhase(TestCaseExecutor.java:368)
	at com.kms.katalon.core.main.TestCaseExecutor.accessMainPhase(TestCaseExecutor.java:360)
	at com.kms.katalon.core.main.TestCaseExecutor.execute(TestCaseExecutor.java:255)
	at com.kms.katalon.core.main.TestSuiteExecutor.accessTestCaseMainPhase(TestSuiteExecutor.java:203)
	at com.kms.katalon.core.main.TestSuiteExecutor.accessTestSuiteMainPhase(TestSuiteExecutor.java:152)
	at com.kms.katalon.core.main.TestSuiteExecutor.execute(TestSuiteExecutor.java:95)
	at com.kms.katalon.core.main.TestCaseMain.startTestSuite(TestCaseMain.java:157)
	at com.kms.katalon.core.main.TestCaseMain$startTestSuite$0.call(Unknown Source)
	at TempTestSuite1616515995908.run(TempTestSuite1616515995908.groovy:39)
Caused by: com.kms.katalon.core.exception.StepFailedException: Text 'สาขาวิศวกรรมซอฟต์แวร์' is not present on page 
	at com.kms.katalon.core.webui.keyword.internal.WebUIKeywordMain.stepFailed(WebUIKeywordMain.groovy:64)
	at com.kms.katalon.core.webui.keyword.builtin.VerifyTextPresentKeyword$_verifyTextPresent_closure1.doCall(VerifyTextPresentKeyword.groovy:79)
	at com.kms.katalon.core.webui.keyword.builtin.VerifyTextPresentKeyword$_verifyTextPresent_closure1.call(VerifyTextPresentKeyword.groovy)
	at com.kms.katalon.core.webui.keyword.internal.WebUIKeywordMain.runKeyword(WebUIKeywordMain.groovy:20)
	... 19 more]]></system-err>
      </testcase>
      <testcase name="Test Cases/UC1_Register/TC 103 Register failed" time="26.287" classname="Test Cases/UC1_Register/TC 103 Register failed" status="PASSED">
         <system-out><![CDATA[2564-03-23 23:21:35 - [TEST_CASE][PASSED] - Test Cases/UC1_Register/TC 103 Register failed: Test Cases/UC1_Register/TC 103 Register failed

2564-03-23 23:21:39 - [TEST_STEP][PASSED] - openBrowser(""): Browser is opened with url: ''

2564-03-23 23:21:39 - [MESSAGE][WARNING] - A browser is already opened. Closing browser and opening a new one

2564-03-23 23:21:46 - [MESSAGE][INFO] - Starting 'Chrome' driver

2564-03-23 23:21:46 - [MESSAGE][INFO] - Action delay is set to 0 milliseconds

2564-03-23 23:21:52 - [MESSAGE][PASSED] - Browser is opened with url: ''

2564-03-23 23:21:52 - [TEST_STEP][PASSED] - setViewPortSize(1600, 900): Viewport is set to new size with width = 1600 and height = 900

2564-03-23 23:21:52 - [MESSAGE][PASSED] - Viewport is set to new size with width = 1600 and height = 900

2564-03-23 23:21:52 - [TEST_STEP][PASSED] - navigateToUrl("http://localhost/Alumni/index.php/Alumni/index"): Navigate to 'http://localhost/Alumni/index.php/Alumni/index' successfully

2564-03-23 23:21:53 - [MESSAGE][PASSED] - Navigate to 'http://localhost/Alumni/index.php/Alumni/index' successfully

2564-03-23 23:21:53 - [TEST_STEP][PASSED] - click(findTestObject("Object Repository/Page_NPRU Alumni/a_Register")): Object: 'Object Repository/Page_NPRU Alumni/a_Register' is clicked on

2564-03-23 23:21:55 - [MESSAGE][PASSED] - Object: 'Object Repository/Page_NPRU Alumni/a_Register' is clicked on

2564-03-23 23:21:55 - [TEST_STEP][PASSED] - setText(findTestObject("Object Repository/Page_NPRU Alumni/input__Username"), "earth"): Text 'earth' is set on object 'Object Repository/Page_NPRU Alumni/input__Username'

2564-03-23 23:21:56 - [MESSAGE][PASSED] - Text 'earth' is set on object 'Object Repository/Page_NPRU Alumni/input__Username'

2564-03-23 23:21:56 - [TEST_STEP][PASSED] - setEncryptedText(findTestObject("Object Repository/Page_NPRU Alumni/input__Password"), "VIjOZClaB9I="): Text ****** has been set on object 'Object Repository/Page_NPRU Alumni/input__Password'

2564-03-23 23:21:56 - [MESSAGE][PASSED] - Text ****** has been set on object 'Object Repository/Page_NPRU Alumni/input__Password'

2564-03-23 23:21:56 - [TEST_STEP][PASSED] - setEncryptedText(findTestObject("Object Repository/Page_NPRU Alumni/input__Re_Password"), "VIjOZClaB9I="): Text ****** has been set on object 'Object Repository/Page_NPRU Alumni/input__Re_Password'

2564-03-23 23:21:57 - [MESSAGE][PASSED] - Text ****** has been set on object 'Object Repository/Page_NPRU Alumni/input__Re_Password'

2564-03-23 23:21:57 - [TEST_STEP][PASSED] - click(findTestObject("Object Repository/Page_NPRU Alumni/input__submit")): Object: 'Object Repository/Page_NPRU Alumni/input__submit' is clicked on

2564-03-23 23:21:58 - [MESSAGE][PASSED] - Object: 'Object Repository/Page_NPRU Alumni/input__submit' is clicked on

2564-03-23 23:21:58 - [TEST_STEP][PASSED] - verifyTextPresent("ไม่สามารถเพิ่มข้อมูลได้ค่ะ !", false): Text 'ไม่สามารถเพิ่มข้อมูลได้ค่ะ !' is present on page 

2564-03-23 23:21:58 - [MESSAGE][PASSED] - Text 'ไม่สามารถเพิ่มข้อมูลได้ค่ะ !' is present on page 

2564-03-23 23:21:58 - [TEST_STEP][PASSED] - closeBrowser(): Browser is closed

2564-03-23 23:22:01 - [MESSAGE][PASSED] - Browser is closed]]></system-out>
         <system-err><![CDATA[]]></system-err>
      </testcase>
      <system-out><![CDATA[2564-03-23 23:13:48 - [TEST_SUITE][FAILED] - UC 1 register: Test Cases/UC1_Register/TC 102 Register pass FAILED.
Reason:
com.kms.katalon.core.exception.StepFailedException: Unable to verify text 'สาขาวิศวกรรมซอฟต์แวร์' is present 
	at com.kms.katalon.core.webui.keyword.internal.WebUIKeywordMain.stepFailed(WebUIKeywordMain.groovy:64)
	at com.kms.katalon.core.webui.keyword.internal.WebUIKeywordMain.runKeyword(WebUIKeywordMain.groovy:26)
	at com.kms.katalon.core.webui.keyword.builtin.VerifyTextPresentKeyword.verifyTextPresent(VerifyTextPresentKeyword.groovy:83)
	at com.kms.katalon.core.webui.keyword.builtin.VerifyTextPresentKeyword.execute(VerifyTextPresentKeyword.groovy:68)
	at com.kms.katalon.core.keyword.internal.KeywordExecutor.executeKeywordForPlatform(KeywordExecutor.groovy:73)
	at com.kms.katalon.core.webui.keyword.WebUiBuiltInKeywords.verifyTextPresent(WebUiBuiltInKeywords.groovy:1722)
	at com.kms.katalon.core.webui.keyword.WebUiBuiltInKeywords$verifyTextPresent$4.call(Unknown Source)
	at TC 102 Register pass.run(TC 102 Register pass:83)
	at com.kms.katalon.core.main.ScriptEngine.run(ScriptEngine.java:194)
	at com.kms.katalon.core.main.ScriptEngine.runScriptAsRawText(ScriptEngine.java:119)
	at com.kms.katalon.core.main.TestCaseExecutor.runScript(TestCaseExecutor.java:398)
	at com.kms.katalon.core.main.TestCaseExecutor.doExecute(TestCaseExecutor.java:389)
	at com.kms.katalon.core.main.TestCaseExecutor.processExecutionPhase(TestCaseExecutor.java:368)
	at com.kms.katalon.core.main.TestCaseExecutor.accessMainPhase(TestCaseExecutor.java:360)
	at com.kms.katalon.core.main.TestCaseExecutor.execute(TestCaseExecutor.java:255)
	at com.kms.katalon.core.main.TestSuiteExecutor.accessTestCaseMainPhase(TestSuiteExecutor.java:203)
	at com.kms.katalon.core.main.TestSuiteExecutor.accessTestSuiteMainPhase(TestSuiteExecutor.java:152)
	at com.kms.katalon.core.main.TestSuiteExecutor.execute(TestSuiteExecutor.java:95)
	at com.kms.katalon.core.main.TestCaseMain.startTestSuite(TestCaseMain.java:157)
	at com.kms.katalon.core.main.TestCaseMain$startTestSuite$0.call(Unknown Source)
	at TempTestSuite1616515995908.run(TempTestSuite1616515995908.groovy:39)
Caused by: com.kms.katalon.core.exception.StepFailedException: Text 'สาขาวิศวกรรมซอฟต์แวร์' is not present on page 
	at com.kms.katalon.core.webui.keyword.internal.WebUIKeywordMain.stepFailed(WebUIKeywordMain.groovy:64)
	at com.kms.katalon.core.webui.keyword.builtin.VerifyTextPresentKeyword$_verifyTextPresent_closure1.doCall(VerifyTextPresentKeyword.groovy:79)
	at com.kms.katalon.core.webui.keyword.builtin.VerifyTextPresentKeyword$_verifyTextPresent_closure1.call(VerifyTextPresentKeyword.groovy)
	at com.kms.katalon.core.webui.keyword.internal.WebUIKeywordMain.runKeyword(WebUIKeywordMain.groovy:20)
	... 19 more]]></system-out>
      <system-err><![CDATA[2564-03-23 23:13:48 - [TEST_SUITE][FAILED] - UC 1 register: Test Cases/UC1_Register/TC 102 Register pass FAILED.
Reason:
com.kms.katalon.core.exception.StepFailedException: Unable to verify text 'สาขาวิศวกรรมซอฟต์แวร์' is present 
	at com.kms.katalon.core.webui.keyword.internal.WebUIKeywordMain.stepFailed(WebUIKeywordMain.groovy:64)
	at com.kms.katalon.core.webui.keyword.internal.WebUIKeywordMain.runKeyword(WebUIKeywordMain.groovy:26)
	at com.kms.katalon.core.webui.keyword.builtin.VerifyTextPresentKeyword.verifyTextPresent(VerifyTextPresentKeyword.groovy:83)
	at com.kms.katalon.core.webui.keyword.builtin.VerifyTextPresentKeyword.execute(VerifyTextPresentKeyword.groovy:68)
	at com.kms.katalon.core.keyword.internal.KeywordExecutor.executeKeywordForPlatform(KeywordExecutor.groovy:73)
	at com.kms.katalon.core.webui.keyword.WebUiBuiltInKeywords.verifyTextPresent(WebUiBuiltInKeywords.groovy:1722)
	at com.kms.katalon.core.webui.keyword.WebUiBuiltInKeywords$verifyTextPresent$4.call(Unknown Source)
	at TC 102 Register pass.run(TC 102 Register pass:83)
	at com.kms.katalon.core.main.ScriptEngine.run(ScriptEngine.java:194)
	at com.kms.katalon.core.main.ScriptEngine.runScriptAsRawText(ScriptEngine.java:119)
	at com.kms.katalon.core.main.TestCaseExecutor.runScript(TestCaseExecutor.java:398)
	at com.kms.katalon.core.main.TestCaseExecutor.doExecute(TestCaseExecutor.java:389)
	at com.kms.katalon.core.main.TestCaseExecutor.processExecutionPhase(TestCaseExecutor.java:368)
	at com.kms.katalon.core.main.TestCaseExecutor.accessMainPhase(TestCaseExecutor.java:360)
	at com.kms.katalon.core.main.TestCaseExecutor.execute(TestCaseExecutor.java:255)
	at com.kms.katalon.core.main.TestSuiteExecutor.accessTestCaseMainPhase(TestSuiteExecutor.java:203)
	at com.kms.katalon.core.main.TestSuiteExecutor.accessTestSuiteMainPhase(TestSuiteExecutor.java:152)
	at com.kms.katalon.core.main.TestSuiteExecutor.execute(TestSuiteExecutor.java:95)
	at com.kms.katalon.core.main.TestCaseMain.startTestSuite(TestCaseMain.java:157)
	at com.kms.katalon.core.main.TestCaseMain$startTestSuite$0.call(Unknown Source)
	at TempTestSuite1616515995908.run(TempTestSuite1616515995908.groovy:39)
Caused by: com.kms.katalon.core.exception.StepFailedException: Text 'สาขาวิศวกรรมซอฟต์แวร์' is not present on page 
	at com.kms.katalon.core.webui.keyword.internal.WebUIKeywordMain.stepFailed(WebUIKeywordMain.groovy:64)
	at com.kms.katalon.core.webui.keyword.builtin.VerifyTextPresentKeyword$_verifyTextPresent_closure1.doCall(VerifyTextPresentKeyword.groovy:79)
	at com.kms.katalon.core.webui.keyword.builtin.VerifyTextPresentKeyword$_verifyTextPresent_closure1.call(VerifyTextPresentKeyword.groovy)
	at com.kms.katalon.core.webui.keyword.internal.WebUIKeywordMain.runKeyword(WebUIKeywordMain.groovy:20)
	... 19 more]]></system-err>
   </testsuite>
</testsuites>
