<?xml version="1.0" encoding="UTF-8"?>
<testsuites name="UC 1 register" time="49.024" tests="3" failures="1" skips="0" errors="0">
   <testsuite name="UC 1 register" tests="3" failures="1" errors="0" time="49.024" skips="0" timestamp="2564-03-09 23:49:44" hostname="user - DESKTOP-IAP8AF6" id="Test Suites/UC 1 register">
      <properties>
         <property name="deviceName" value=""/>
         <property name="devicePlatform" value=""/>
         <property name="logFolder" value="C:\\Users\\user\\OneDrive\\Desktop\\Katalon_Alumni\\Reports\\25640309_234922\\UC 1 register\\25640309_234925"/>
         <property name="logFiles" value="C:\\Users\\user\\OneDrive\\Desktop\\Katalon_Alumni\\Reports\\25640309_234922\\UC 1 register\\25640309_234925\\execution0.log"/>
         <property name="attachments" value="C:\\Users\\user\\OneDrive\\Desktop\\Katalon_Alumni\\Reports\\25640309_234922\\UC 1 register\\25640309_234925\\1615308606489.png"/>
         <property name="hostName" value="user - DESKTOP-IAP8AF6"/>
         <property name="os" value="Windows 10 64bit"/>
         <property name="katalonVersion" value="7.9.0.208"/>
         <property name="browser" value="Edge Chromium 89"/>
         <property name="hostAddress" value="192.168.1.120"/>
         <property name="sessionId" value="28c4a475956ae640fe0937889bba8442"/>
         <property name="seleniumVersion" value="3.141.59"/>
         <property name="proxyInformation" value="ProxyInformation { proxyOption=NO_PROXY, proxyServerType=HTTP, username=, password=********, proxyServerAddress=, proxyServerPort=0, executionList=&quot;&quot;, isApplyToDesiredCapabilities=true }"/>
         <property name="platform" value="Windows 10"/>
      </properties>
      <testcase name="Test Cases/Register/TC 101 Register pass" time="23.369" classname="Test Cases/Register/TC 101 Register pass" status="FAILED">
         <failure type="FAILED" message="Test Cases/Register/TC 101 Register pass FAILED.
Reason:
com.kms.katalon.core.exception.StepFailedException: Unable to verify text '614259086' is present 
	at com.kms.katalon.core.webui.keyword.internal.WebUIKeywordMain.stepFailed(WebUIKeywordMain.groovy:64)
	at com.kms.katalon.core.webui.keyword.internal.WebUIKeywordMain.runKeyword(WebUIKeywordMain.groovy:26)
	at com.kms.katalon.core.webui.keyword.builtin.VerifyTextPresentKeyword.verifyTextPresent(VerifyTextPresentKeyword.groovy:83)
	at com.kms.katalon.core.webui.keyword.builtin.VerifyTextPresentKeyword.execute(VerifyTextPresentKeyword.groovy:68)
	at com.kms.katalon.core.keyword.internal.KeywordExecutor.executeKeywordForPlatform(KeywordExecutor.groovy:73)
	at com.kms.katalon.core.webui.keyword.WebUiBuiltInKeywords.verifyTextPresent(WebUiBuiltInKeywords.groovy:1722)
	at com.kms.katalon.core.webui.keyword.WebUiBuiltInKeywords$verifyTextPresent$5.call(Unknown Source)
	at TC 101 Register pass.run(TC 101 Register pass:71)
	at com.kms.katalon.core.main.ScriptEngine.run(ScriptEngine.java:194)
	at com.kms.katalon.core.main.ScriptEngine.runScriptAsRawText(ScriptEngine.java:119)
	at com.kms.katalon.core.main.TestCaseExecutor.runScript(TestCaseExecutor.java:398)
	at com.kms.katalon.core.main.TestCaseExecutor.doExecute(TestCaseExecutor.java:389)
	at com.kms.katalon.core.main.TestCaseExecutor.processExecutionPhase(TestCaseExecutor.java:368)
	at com.kms.katalon.core.main.TestCaseExecutor.accessMainPhase(TestCaseExecutor.java:360)
	at com.kms.katalon.core.main.TestCaseExecutor.execute(TestCaseExecutor.java:255)
	at com.kms.katalon.core.main.TestSuiteExecutor.accessTestCaseMainPhase(TestSuiteExecutor.java:203)
	at com.kms.katalon.core.main.TestSuiteExecutor.accessTestSuiteMainPhase(TestSuiteExecutor.java:152)
	at com.kms.katalon.core.main.TestSuiteExecutor.execute(TestSuiteExecutor.java:95)
	at com.kms.katalon.core.main.TestCaseMain.startTestSuite(TestCaseMain.java:157)
	at com.kms.katalon.core.main.TestCaseMain$startTestSuite$0.call(Unknown Source)
	at TempTestSuite1615308565285.run(TempTestSuite1615308565285.groovy:39)
Caused by: com.kms.katalon.core.exception.StepFailedException: Text '614259086' is not present on page 
	at com.kms.katalon.core.webui.keyword.internal.WebUIKeywordMain.stepFailed(WebUIKeywordMain.groovy:64)
	at com.kms.katalon.core.webui.keyword.builtin.VerifyTextPresentKeyword$_verifyTextPresent_closure1.doCall(VerifyTextPresentKeyword.groovy:79)
	at com.kms.katalon.core.webui.keyword.builtin.VerifyTextPresentKeyword$_verifyTextPresent_closure1.call(VerifyTextPresentKeyword.groovy)
	at com.kms.katalon.core.webui.keyword.internal.WebUIKeywordMain.runKeyword(WebUIKeywordMain.groovy:20)
	... 19 more
"/>
         <system-out><![CDATA[2564-03-09 23:49:46 - [TEST_CASE][FAILED] - Test Cases/Register/TC 101 Register pass: Test Cases/Register/TC 101 Register pass FAILED.
Reason:
com.kms.katalon.core.exception.StepFailedException: Unable to verify text '614259086' is present 
	at com.kms.katalon.core.webui.keyword.internal.WebUIKeywordMain.stepFailed(WebUIKeywordMain.groovy:64)
	at com.kms.katalon.core.webui.keyword.internal.WebUIKeywordMain.runKeyword(WebUIKeywordMain.groovy:26)
	at com.kms.katalon.core.webui.keyword.builtin.VerifyTextPresentKeyword.verifyTextPresent(VerifyTextPresentKeyword.groovy:83)
	at com.kms.katalon.core.webui.keyword.builtin.VerifyTextPresentKeyword.execute(VerifyTextPresentKeyword.groovy:68)
	at com.kms.katalon.core.keyword.internal.KeywordExecutor.executeKeywordForPlatform(KeywordExecutor.groovy:73)
	at com.kms.katalon.core.webui.keyword.WebUiBuiltInKeywords.verifyTextPresent(WebUiBuiltInKeywords.groovy:1722)
	at com.kms.katalon.core.webui.keyword.WebUiBuiltInKeywords$verifyTextPresent$5.call(Unknown Source)
	at TC 101 Register pass.run(TC 101 Register pass:71)
	at com.kms.katalon.core.main.ScriptEngine.run(ScriptEngine.java:194)
	at com.kms.katalon.core.main.ScriptEngine.runScriptAsRawText(ScriptEngine.java:119)
	at com.kms.katalon.core.main.TestCaseExecutor.runScript(TestCaseExecutor.java:398)
	at com.kms.katalon.core.main.TestCaseExecutor.doExecute(TestCaseExecutor.java:389)
	at com.kms.katalon.core.main.TestCaseExecutor.processExecutionPhase(TestCaseExecutor.java:368)
	at com.kms.katalon.core.main.TestCaseExecutor.accessMainPhase(TestCaseExecutor.java:360)
	at com.kms.katalon.core.main.TestCaseExecutor.execute(TestCaseExecutor.java:255)
	at com.kms.katalon.core.main.TestSuiteExecutor.accessTestCaseMainPhase(TestSuiteExecutor.java:203)
	at com.kms.katalon.core.main.TestSuiteExecutor.accessTestSuiteMainPhase(TestSuiteExecutor.java:152)
	at com.kms.katalon.core.main.TestSuiteExecutor.execute(TestSuiteExecutor.java:95)
	at com.kms.katalon.core.main.TestCaseMain.startTestSuite(TestCaseMain.java:157)
	at com.kms.katalon.core.main.TestCaseMain$startTestSuite$0.call(Unknown Source)
	at TempTestSuite1615308565285.run(TempTestSuite1615308565285.groovy:39)
Caused by: com.kms.katalon.core.exception.StepFailedException: Text '614259086' is not present on page 
	at com.kms.katalon.core.webui.keyword.internal.WebUIKeywordMain.stepFailed(WebUIKeywordMain.groovy:64)
	at com.kms.katalon.core.webui.keyword.builtin.VerifyTextPresentKeyword$_verifyTextPresent_closure1.doCall(VerifyTextPresentKeyword.groovy:79)
	at com.kms.katalon.core.webui.keyword.builtin.VerifyTextPresentKeyword$_verifyTextPresent_closure1.call(VerifyTextPresentKeyword.groovy)
	at com.kms.katalon.core.webui.keyword.internal.WebUIKeywordMain.runKeyword(WebUIKeywordMain.groovy:20)
	... 19 more


2564-03-09 23:49:46 - [TEST_STEP][PASSED] - openBrowser(""): Browser is opened with url: ''

2564-03-09 23:49:47 - [MESSAGE][INFO] - Starting 'Edge Chromium' driver

2564-03-09 23:49:49 - [MESSAGE][INFO] - Action delay is set to 0 milliseconds

2564-03-09 23:49:54 - [MESSAGE][PASSED] - Browser is opened with url: ''

2564-03-09 23:49:54 - [TEST_STEP][PASSED] - setViewPortSize(1600, 900): Viewport is set to new size with width = 1600 and height = 900

2564-03-09 23:49:54 - [MESSAGE][PASSED] - Viewport is set to new size with width = 1600 and height = 900

2564-03-09 23:49:54 - [TEST_STEP][PASSED] - navigateToUrl("http://localhost/Alumni/index.php/Alumni/index"): Navigate to 'http://localhost/Alumni/index.php/Alumni/index' successfully

2564-03-09 23:49:56 - [MESSAGE][PASSED] - Navigate to 'http://localhost/Alumni/index.php/Alumni/index' successfully

2564-03-09 23:49:56 - [TEST_STEP][PASSED] - click(findTestObject("Object Repository/Page_NPRU Alumni/a_Register")): Object: 'Object Repository/Page_NPRU Alumni/a_Register' is clicked on

2564-03-09 23:49:57 - [MESSAGE][PASSED] - Object: 'Object Repository/Page_NPRU Alumni/a_Register' is clicked on

2564-03-09 23:49:57 - [TEST_STEP][PASSED] - setText(findTestObject("Object Repository/Page_NPRU Alumni/input__Std_ID"), "614259088"): Text '614259088' is set on object 'Object Repository/Page_NPRU Alumni/input__Std_ID'

2564-03-09 23:49:57 - [MESSAGE][PASSED] - Text '614259088' is set on object 'Object Repository/Page_NPRU Alumni/input__Std_ID'

2564-03-09 23:49:57 - [TEST_STEP][PASSED] - setText(findTestObject("Page_NPRU Alumni/input_name_lname"), "วรวัต รัตโนนสถ"): Text 'วรวัต รัตโนนสถ' is set on object 'Object Repository/Page_NPRU Alumni/input_name_lname'

2564-03-09 23:49:58 - [MESSAGE][PASSED] - Text 'วรวัต รัตโนนสถ' is set on object 'Object Repository/Page_NPRU Alumni/input_name_lname'

2564-03-09 23:49:58 - [TEST_STEP][PASSED] - setText(findTestObject("Object Repository/Page_NPRU Alumni/input__ID_Card"), "1729800227859"): Text '1729800227859' is set on object 'Object Repository/Page_NPRU Alumni/input__ID_Card'

2564-03-09 23:49:58 - [MESSAGE][PASSED] - Text '1729800227859' is set on object 'Object Repository/Page_NPRU Alumni/input__ID_Card'

2564-03-09 23:49:58 - [TEST_STEP][PASSED] - click(findTestObject("Object Repository/Page_NPRU Alumni/input__Sex")): Object: 'Object Repository/Page_NPRU Alumni/input__Sex' is clicked on

2564-03-09 23:49:59 - [MESSAGE][PASSED] - Object: 'Object Repository/Page_NPRU Alumni/input__Sex' is clicked on

2564-03-09 23:49:59 - [TEST_STEP][PASSED] - setText(findTestObject("Object Repository/Page_NPRU Alumni/textarea__Address"), "88 995/1"): Text '88 995/1' is set on object 'Object Repository/Page_NPRU Alumni/textarea__Address'

2564-03-09 23:49:59 - [MESSAGE][PASSED] - Text '88 995/1' is set on object 'Object Repository/Page_NPRU Alumni/textarea__Address'

2564-03-09 23:49:59 - [TEST_STEP][PASSED] - setText(findTestObject("Object Repository/Page_NPRU Alumni/input__Tel"), "0654887953"): Text '0654887953' is set on object 'Object Repository/Page_NPRU Alumni/input__Tel'

2564-03-09 23:49:59 - [MESSAGE][PASSED] - Text '0654887953' is set on object 'Object Repository/Page_NPRU Alumni/input__Tel'

2564-03-09 23:49:59 - [TEST_STEP][PASSED] - setText(findTestObject("Object Repository/Page_NPRU Alumni/input__E_mail"), "hfomck@gmail.com"): Text 'hfomck@gmail.com' is set on object 'Object Repository/Page_NPRU Alumni/input__E_mail'

2564-03-09 23:50:00 - [MESSAGE][PASSED] - Text 'hfomck@gmail.com' is set on object 'Object Repository/Page_NPRU Alumni/input__E_mail'

2564-03-09 23:50:00 - [TEST_STEP][PASSED] - setText(findTestObject("Object Repository/Page_NPRU Alumni/input__Facebook"), "gots"): Text 'gots' is set on object 'Object Repository/Page_NPRU Alumni/input__Facebook'

2564-03-09 23:50:00 - [MESSAGE][PASSED] - Text 'gots' is set on object 'Object Repository/Page_NPRU Alumni/input__Facebook'

2564-03-09 23:50:00 - [TEST_STEP][PASSED] - setText(findTestObject("Object Repository/Page_NPRU Alumni/input__Instagram"), "the_gots"): Text 'the_gots' is set on object 'Object Repository/Page_NPRU Alumni/input__Instagram'

2564-03-09 23:50:01 - [MESSAGE][PASSED] - Text 'the_gots' is set on object 'Object Repository/Page_NPRU Alumni/input__Instagram'

2564-03-09 23:50:01 - [TEST_STEP][PASSED] - setText(findTestObject("Page_NPRU Alumni/input__Name_LastName"), "Thanayut"): Text 'Thanayut' is set on object 'Object Repository/Page_NPRU Alumni/input__Name_LastName'

2564-03-09 23:50:01 - [MESSAGE][PASSED] - Text 'Thanayut' is set on object 'Object Repository/Page_NPRU Alumni/input__Name_LastName'

2564-03-09 23:50:01 - [TEST_STEP][PASSED] - setText(findTestObject("Object Repository/Page_NPRU Alumni/input__End_Year"), "2565"): Text '2565' is set on object 'Object Repository/Page_NPRU Alumni/input__End_Year'

2564-03-09 23:50:01 - [MESSAGE][PASSED] - Text '2565' is set on object 'Object Repository/Page_NPRU Alumni/input__End_Year'

2564-03-09 23:50:01 - [TEST_STEP][PASSED] - setText(findTestObject("Object Repository/Page_NPRU Alumni/input__Company_Name"), "วรวัต รัตโนนสถ"): Text 'วรวัต รัตโนนสถ' is set on object 'Object Repository/Page_NPRU Alumni/input__Company_Name'

2564-03-09 23:50:02 - [MESSAGE][PASSED] - Text 'วรวัต รัตโนนสถ' is set on object 'Object Repository/Page_NPRU Alumni/input__Company_Name'

2564-03-09 23:50:02 - [TEST_STEP][PASSED] - setText(findTestObject("Object Repository/Page_NPRU Alumni/textarea__Company_Address"), "88/4 155"): Text '88/4 155' is set on object 'Object Repository/Page_NPRU Alumni/textarea__Company_Address'

2564-03-09 23:50:02 - [MESSAGE][PASSED] - Text '88/4 155' is set on object 'Object Repository/Page_NPRU Alumni/textarea__Company_Address'

2564-03-09 23:50:02 - [TEST_STEP][PASSED] - setText(findTestObject("Object Repository/Page_NPRU Alumni/input__Profession"), "programmer"): Text 'programmer' is set on object 'Object Repository/Page_NPRU Alumni/input__Profession'

2564-03-09 23:50:02 - [MESSAGE][PASSED] - Text 'programmer' is set on object 'Object Repository/Page_NPRU Alumni/input__Profession'

2564-03-09 23:50:03 - [TEST_STEP][PASSED] - click(findTestObject("Object Repository/Page_NPRU Alumni/input__Rank")): Object: 'Object Repository/Page_NPRU Alumni/input__Rank' is clicked on

2564-03-09 23:50:03 - [MESSAGE][PASSED] - Object: 'Object Repository/Page_NPRU Alumni/input__Rank' is clicked on

2564-03-09 23:50:03 - [TEST_STEP][PASSED] - click(findTestObject("Object Repository/Page_NPRU Alumni/div_                                       _294fb4")): Object: 'Object Repository/Page_NPRU Alumni/div_                                       _294fb4' is clicked on

2564-03-09 23:50:03 - [MESSAGE][PASSED] - Object: 'Object Repository/Page_NPRU Alumni/div_                                       _294fb4' is clicked on

2564-03-09 23:50:03 - [TEST_STEP][PASSED] - setText(findTestObject("Object Repository/Page_NPRU Alumni/input__Rank"), "programmer"): Text 'programmer' is set on object 'Object Repository/Page_NPRU Alumni/input__Rank'

2564-03-09 23:50:04 - [MESSAGE][PASSED] - Text 'programmer' is set on object 'Object Repository/Page_NPRU Alumni/input__Rank'

2564-03-09 23:50:04 - [TEST_STEP][PASSED] - setText(findTestObject("Object Repository/Page_NPRU Alumni/input__Company_Tel"), "0659986698"): Text '0659986698' is set on object 'Object Repository/Page_NPRU Alumni/input__Company_Tel'

2564-03-09 23:50:04 - [MESSAGE][PASSED] - Text '0659986698' is set on object 'Object Repository/Page_NPRU Alumni/input__Company_Tel'

2564-03-09 23:50:04 - [TEST_STEP][PASSED] - setText(findTestObject("Object Repository/Page_NPRU Alumni/input__Username"), "earth"): Text 'earth' is set on object 'Object Repository/Page_NPRU Alumni/input__Username'

2564-03-09 23:50:04 - [MESSAGE][PASSED] - Text 'earth' is set on object 'Object Repository/Page_NPRU Alumni/input__Username'

2564-03-09 23:50:04 - [TEST_STEP][PASSED] - setEncryptedText(findTestObject("Object Repository/Page_NPRU Alumni/input__Password"), "VIjOZClaB9I="): Text ****** has been set on object 'Object Repository/Page_NPRU Alumni/input__Password'

2564-03-09 23:50:05 - [MESSAGE][PASSED] - Text ****** has been set on object 'Object Repository/Page_NPRU Alumni/input__Password'

2564-03-09 23:50:05 - [TEST_STEP][PASSED] - setEncryptedText(findTestObject("Object Repository/Page_NPRU Alumni/input__Re_Password"), "VIjOZClaB9I="): Text ****** has been set on object 'Object Repository/Page_NPRU Alumni/input__Re_Password'

2564-03-09 23:50:05 - [MESSAGE][PASSED] - Text ****** has been set on object 'Object Repository/Page_NPRU Alumni/input__Re_Password'

2564-03-09 23:50:05 - [TEST_STEP][PASSED] - click(findTestObject("Object Repository/Page_NPRU Alumni/input__submit")): Object: 'Object Repository/Page_NPRU Alumni/input__submit' is clicked on

2564-03-09 23:50:06 - [MESSAGE][PASSED] - Object: 'Object Repository/Page_NPRU Alumni/input__submit' is clicked on

2564-03-09 23:50:06 - [TEST_STEP][FAILED] - verifyTextPresent("614259086", false): Unable to verify text '614259086' is present  (Root cause: com.kms.katalon.core.exception.StepFailedException: Unable to verify text '614259086' is present 
	at com.kms.katalon.core.webui.keyword.internal.WebUIKeywordMain.stepFailed(WebUIKeywordMain.groovy:64)
	at com.kms.katalon.core.webui.keyword.internal.WebUIKeywordMain.runKeyword(WebUIKeywordMain.groovy:26)
	at com.kms.katalon.core.webui.keyword.builtin.VerifyTextPresentKeyword.verifyTextPresent(VerifyTextPresentKeyword.groovy:83)
	at com.kms.katalon.core.webui.keyword.builtin.VerifyTextPresentKeyword.execute(VerifyTextPresentKeyword.groovy:68)
	at com.kms.katalon.core.keyword.internal.KeywordExecutor.executeKeywordForPlatform(KeywordExecutor.groovy:73)
	at com.kms.katalon.core.webui.keyword.WebUiBuiltInKeywords.verifyTextPresent(WebUiBuiltInKeywords.groovy:1722)
	at com.kms.katalon.core.webui.keyword.WebUiBuiltInKeywords$verifyTextPresent$5.call(Unknown Source)
	at TC 101 Register pass.run(TC 101 Register pass:71)
	at com.kms.katalon.core.main.ScriptEngine.run(ScriptEngine.java:194)
	at com.kms.katalon.core.main.ScriptEngine.runScriptAsRawText(ScriptEngine.java:119)
	at com.kms.katalon.core.main.TestCaseExecutor.runScript(TestCaseExecutor.java:398)
	at com.kms.katalon.core.main.TestCaseExecutor.doExecute(TestCaseExecutor.java:389)
	at com.kms.katalon.core.main.TestCaseExecutor.processExecutionPhase(TestCaseExecutor.java:368)
	at com.kms.katalon.core.main.TestCaseExecutor.accessMainPhase(TestCaseExecutor.java:360)
	at com.kms.katalon.core.main.TestCaseExecutor.execute(TestCaseExecutor.java:255)
	at com.kms.katalon.core.main.TestSuiteExecutor.accessTestCaseMainPhase(TestSuiteExecutor.java:203)
	at com.kms.katalon.core.main.TestSuiteExecutor.accessTestSuiteMainPhase(TestSuiteExecutor.java:152)
	at com.kms.katalon.core.main.TestSuiteExecutor.execute(TestSuiteExecutor.java:95)
	at com.kms.katalon.core.main.TestCaseMain.startTestSuite(TestCaseMain.java:157)
	at com.kms.katalon.core.main.TestCaseMain$startTestSuite$0.call(Unknown Source)
	at TempTestSuite1615308565285.run(TempTestSuite1615308565285.groovy:39)
Caused by: com.kms.katalon.core.exception.StepFailedException: Text '614259086' is not present on page 
	at com.kms.katalon.core.webui.keyword.internal.WebUIKeywordMain.stepFailed(WebUIKeywordMain.groovy:64)
	at com.kms.katalon.core.webui.keyword.builtin.VerifyTextPresentKeyword$_verifyTextPresent_closure1.doCall(VerifyTextPresentKeyword.groovy:79)
	at com.kms.katalon.core.webui.keyword.builtin.VerifyTextPresentKeyword$_verifyTextPresent_closure1.call(VerifyTextPresentKeyword.groovy)
	at com.kms.katalon.core.webui.keyword.internal.WebUIKeywordMain.runKeyword(WebUIKeywordMain.groovy:20)
	... 19 more
)

2564-03-09 23:50:06 - [MESSAGE][FAILED] - Text '614259086' is not present on page  (Root cause: com.kms.katalon.core.exception.StepFailedException: Text '614259086' is not present on page 
	at com.kms.katalon.core.webui.keyword.internal.WebUIKeywordMain.stepFailed(WebUIKeywordMain.groovy:64)
	at com.kms.katalon.core.webui.keyword.builtin.VerifyTextPresentKeyword$_verifyTextPresent_closure1.doCall(VerifyTextPresentKeyword.groovy:79)
	at com.kms.katalon.core.webui.keyword.builtin.VerifyTextPresentKeyword$_verifyTextPresent_closure1.call(VerifyTextPresentKeyword.groovy)
	at com.kms.katalon.core.webui.keyword.internal.WebUIKeywordMain.runKeyword(WebUIKeywordMain.groovy:20)
	at com.kms.katalon.core.webui.keyword.builtin.VerifyTextPresentKeyword.verifyTextPresent(VerifyTextPresentKeyword.groovy:83)
	at com.kms.katalon.core.webui.keyword.builtin.VerifyTextPresentKeyword.execute(VerifyTextPresentKeyword.groovy:68)
	at com.kms.katalon.core.keyword.internal.KeywordExecutor.executeKeywordForPlatform(KeywordExecutor.groovy:73)
	at com.kms.katalon.core.webui.keyword.WebUiBuiltInKeywords.verifyTextPresent(WebUiBuiltInKeywords.groovy:1722)
	at com.kms.katalon.core.webui.keyword.WebUiBuiltInKeywords$verifyTextPresent$5.call(Unknown Source)
	at TC 101 Register pass.run(TC 101 Register pass:71)
	at com.kms.katalon.core.main.ScriptEngine.run(ScriptEngine.java:194)
	at com.kms.katalon.core.main.ScriptEngine.runScriptAsRawText(ScriptEngine.java:119)
	at com.kms.katalon.core.main.TestCaseExecutor.runScript(TestCaseExecutor.java:398)
	at com.kms.katalon.core.main.TestCaseExecutor.doExecute(TestCaseExecutor.java:389)
	at com.kms.katalon.core.main.TestCaseExecutor.processExecutionPhase(TestCaseExecutor.java:368)
	at com.kms.katalon.core.main.TestCaseExecutor.accessMainPhase(TestCaseExecutor.java:360)
	at com.kms.katalon.core.main.TestCaseExecutor.execute(TestCaseExecutor.java:255)
	at com.kms.katalon.core.main.TestSuiteExecutor.accessTestCaseMainPhase(TestSuiteExecutor.java:203)
	at com.kms.katalon.core.main.TestSuiteExecutor.accessTestSuiteMainPhase(TestSuiteExecutor.java:152)
	at com.kms.katalon.core.main.TestSuiteExecutor.execute(TestSuiteExecutor.java:95)
	at com.kms.katalon.core.main.TestCaseMain.startTestSuite(TestCaseMain.java:157)
	at com.kms.katalon.core.main.TestCaseMain$startTestSuite$0.call(Unknown Source)
	at TempTestSuite1615308565285.run(TempTestSuite1615308565285.groovy:39)
)

2564-03-09 23:50:09 - [MESSAGE][FAILED] - Unable to verify text '614259086' is present  (Root cause: com.kms.katalon.core.exception.StepFailedException: Unable to verify text '614259086' is present 
	at com.kms.katalon.core.webui.keyword.internal.WebUIKeywordMain.stepFailed(WebUIKeywordMain.groovy:64)
	at com.kms.katalon.core.webui.keyword.internal.WebUIKeywordMain.runKeyword(WebUIKeywordMain.groovy:26)
	at com.kms.katalon.core.webui.keyword.builtin.VerifyTextPresentKeyword.verifyTextPresent(VerifyTextPresentKeyword.groovy:83)
	at com.kms.katalon.core.webui.keyword.builtin.VerifyTextPresentKeyword.execute(VerifyTextPresentKeyword.groovy:68)
	at com.kms.katalon.core.keyword.internal.KeywordExecutor.executeKeywordForPlatform(KeywordExecutor.groovy:73)
	at com.kms.katalon.core.webui.keyword.WebUiBuiltInKeywords.verifyTextPresent(WebUiBuiltInKeywords.groovy:1722)
	at com.kms.katalon.core.webui.keyword.WebUiBuiltInKeywords$verifyTextPresent$5.call(Unknown Source)
	at TC 101 Register pass.run(TC 101 Register pass:71)
	at com.kms.katalon.core.main.ScriptEngine.run(ScriptEngine.java:194)
	at com.kms.katalon.core.main.ScriptEngine.runScriptAsRawText(ScriptEngine.java:119)
	at com.kms.katalon.core.main.TestCaseExecutor.runScript(TestCaseExecutor.java:398)
	at com.kms.katalon.core.main.TestCaseExecutor.doExecute(TestCaseExecutor.java:389)
	at com.kms.katalon.core.main.TestCaseExecutor.processExecutionPhase(TestCaseExecutor.java:368)
	at com.kms.katalon.core.main.TestCaseExecutor.accessMainPhase(TestCaseExecutor.java:360)
	at com.kms.katalon.core.main.TestCaseExecutor.execute(TestCaseExecutor.java:255)
	at com.kms.katalon.core.main.TestSuiteExecutor.accessTestCaseMainPhase(TestSuiteExecutor.java:203)
	at com.kms.katalon.core.main.TestSuiteExecutor.accessTestSuiteMainPhase(TestSuiteExecutor.java:152)
	at com.kms.katalon.core.main.TestSuiteExecutor.execute(TestSuiteExecutor.java:95)
	at com.kms.katalon.core.main.TestCaseMain.startTestSuite(TestCaseMain.java:157)
	at com.kms.katalon.core.main.TestCaseMain$startTestSuite$0.call(Unknown Source)
	at TempTestSuite1615308565285.run(TempTestSuite1615308565285.groovy:39)
Caused by: com.kms.katalon.core.exception.StepFailedException: Text '614259086' is not present on page 
	at com.kms.katalon.core.webui.keyword.internal.WebUIKeywordMain.stepFailed(WebUIKeywordMain.groovy:64)
	at com.kms.katalon.core.webui.keyword.builtin.VerifyTextPresentKeyword$_verifyTextPresent_closure1.doCall(VerifyTextPresentKeyword.groovy:79)
	at com.kms.katalon.core.webui.keyword.builtin.VerifyTextPresentKeyword$_verifyTextPresent_closure1.call(VerifyTextPresentKeyword.groovy)
	at com.kms.katalon.core.webui.keyword.internal.WebUIKeywordMain.runKeyword(WebUIKeywordMain.groovy:20)
	... 19 more
)
[[ATTACHMENT|C:\\Users\\user\\OneDrive\\Desktop\\Katalon_Alumni\\Reports\\25640309_234922\\UC 1 register\\25640309_234925\\1615308606489.png]]]]></system-out>
         <system-err><![CDATA[2564-03-09 23:49:46 - [TEST_CASE][FAILED] - Test Cases/Register/TC 101 Register pass: Test Cases/Register/TC 101 Register pass FAILED.
Reason:
com.kms.katalon.core.exception.StepFailedException: Unable to verify text '614259086' is present 
	at com.kms.katalon.core.webui.keyword.internal.WebUIKeywordMain.stepFailed(WebUIKeywordMain.groovy:64)
	at com.kms.katalon.core.webui.keyword.internal.WebUIKeywordMain.runKeyword(WebUIKeywordMain.groovy:26)
	at com.kms.katalon.core.webui.keyword.builtin.VerifyTextPresentKeyword.verifyTextPresent(VerifyTextPresentKeyword.groovy:83)
	at com.kms.katalon.core.webui.keyword.builtin.VerifyTextPresentKeyword.execute(VerifyTextPresentKeyword.groovy:68)
	at com.kms.katalon.core.keyword.internal.KeywordExecutor.executeKeywordForPlatform(KeywordExecutor.groovy:73)
	at com.kms.katalon.core.webui.keyword.WebUiBuiltInKeywords.verifyTextPresent(WebUiBuiltInKeywords.groovy:1722)
	at com.kms.katalon.core.webui.keyword.WebUiBuiltInKeywords$verifyTextPresent$5.call(Unknown Source)
	at TC 101 Register pass.run(TC 101 Register pass:71)
	at com.kms.katalon.core.main.ScriptEngine.run(ScriptEngine.java:194)
	at com.kms.katalon.core.main.ScriptEngine.runScriptAsRawText(ScriptEngine.java:119)
	at com.kms.katalon.core.main.TestCaseExecutor.runScript(TestCaseExecutor.java:398)
	at com.kms.katalon.core.main.TestCaseExecutor.doExecute(TestCaseExecutor.java:389)
	at com.kms.katalon.core.main.TestCaseExecutor.processExecutionPhase(TestCaseExecutor.java:368)
	at com.kms.katalon.core.main.TestCaseExecutor.accessMainPhase(TestCaseExecutor.java:360)
	at com.kms.katalon.core.main.TestCaseExecutor.execute(TestCaseExecutor.java:255)
	at com.kms.katalon.core.main.TestSuiteExecutor.accessTestCaseMainPhase(TestSuiteExecutor.java:203)
	at com.kms.katalon.core.main.TestSuiteExecutor.accessTestSuiteMainPhase(TestSuiteExecutor.java:152)
	at com.kms.katalon.core.main.TestSuiteExecutor.execute(TestSuiteExecutor.java:95)
	at com.kms.katalon.core.main.TestCaseMain.startTestSuite(TestCaseMain.java:157)
	at com.kms.katalon.core.main.TestCaseMain$startTestSuite$0.call(Unknown Source)
	at TempTestSuite1615308565285.run(TempTestSuite1615308565285.groovy:39)
Caused by: com.kms.katalon.core.exception.StepFailedException: Text '614259086' is not present on page 
	at com.kms.katalon.core.webui.keyword.internal.WebUIKeywordMain.stepFailed(WebUIKeywordMain.groovy:64)
	at com.kms.katalon.core.webui.keyword.builtin.VerifyTextPresentKeyword$_verifyTextPresent_closure1.doCall(VerifyTextPresentKeyword.groovy:79)
	at com.kms.katalon.core.webui.keyword.builtin.VerifyTextPresentKeyword$_verifyTextPresent_closure1.call(VerifyTextPresentKeyword.groovy)
	at com.kms.katalon.core.webui.keyword.internal.WebUIKeywordMain.runKeyword(WebUIKeywordMain.groovy:20)
	... 19 more]]></system-err>
      </testcase>
      <testcase name="Test Cases/Register/TC 102 Register pass" time="14.895" classname="Test Cases/Register/TC 102 Register pass" status="PASSED">
         <system-out><![CDATA[2564-03-09 23:50:09 - [TEST_CASE][PASSED] - Test Cases/Register/TC 102 Register pass: Test Cases/Register/TC 102 Register pass

2564-03-09 23:50:10 - [TEST_STEP][PASSED] - openBrowser(""): Browser is opened with url: ''

2564-03-09 23:50:10 - [MESSAGE][WARNING] - A browser is already opened. Closing browser and opening a new one

2564-03-09 23:50:11 - [MESSAGE][INFO] - Starting 'Edge Chromium' driver

2564-03-09 23:50:11 - [MESSAGE][INFO] - Action delay is set to 0 milliseconds

2564-03-09 23:50:12 - [MESSAGE][PASSED] - Browser is opened with url: ''

2564-03-09 23:50:12 - [TEST_STEP][PASSED] - setViewPortSize(1600, 900): Viewport is set to new size with width = 1600 and height = 900

2564-03-09 23:50:13 - [MESSAGE][PASSED] - Viewport is set to new size with width = 1600 and height = 900

2564-03-09 23:50:13 - [TEST_STEP][PASSED] - navigateToUrl("http://localhost/Alumni/index.php/Alumni/index"): Navigate to 'http://localhost/Alumni/index.php/Alumni/index' successfully

2564-03-09 23:50:14 - [MESSAGE][PASSED] - Navigate to 'http://localhost/Alumni/index.php/Alumni/index' successfully

2564-03-09 23:50:14 - [TEST_STEP][PASSED] - click(findTestObject("Object Repository/Page_NPRU Alumni/a_Register")): Object: 'Object Repository/Page_NPRU Alumni/a_Register' is clicked on

2564-03-09 23:50:14 - [MESSAGE][PASSED] - Object: 'Object Repository/Page_NPRU Alumni/a_Register' is clicked on

2564-03-09 23:50:14 - [TEST_STEP][PASSED] - setText(findTestObject("Object Repository/Page_NPRU Alumni/input__Std_ID"), "614259052"): Text '614259052' is set on object 'Object Repository/Page_NPRU Alumni/input__Std_ID'

2564-03-09 23:50:15 - [MESSAGE][PASSED] - Text '614259052' is set on object 'Object Repository/Page_NPRU Alumni/input__Std_ID'

2564-03-09 23:50:15 - [TEST_STEP][PASSED] - setText(findTestObject("Page_NPRU Alumni/input_name_lname"), "วรวัต รัตโนนสถ"): Text 'วรวัต รัตโนนสถ' is set on object 'Object Repository/Page_NPRU Alumni/input_name_lname'

2564-03-09 23:50:15 - [MESSAGE][PASSED] - Text 'วรวัต รัตโนนสถ' is set on object 'Object Repository/Page_NPRU Alumni/input_name_lname'

2564-03-09 23:50:15 - [TEST_STEP][PASSED] - setText(findTestObject("Object Repository/Page_NPRU Alumni/input__ID_Card"), "1729800227859"): Text '1729800227859' is set on object 'Object Repository/Page_NPRU Alumni/input__ID_Card'

2564-03-09 23:50:15 - [MESSAGE][PASSED] - Text '1729800227859' is set on object 'Object Repository/Page_NPRU Alumni/input__ID_Card'

2564-03-09 23:50:15 - [TEST_STEP][PASSED] - click(findTestObject("Object Repository/Page_NPRU Alumni/input__Sex")): Object: 'Object Repository/Page_NPRU Alumni/input__Sex' is clicked on

2564-03-09 23:50:16 - [MESSAGE][PASSED] - Object: 'Object Repository/Page_NPRU Alumni/input__Sex' is clicked on

2564-03-09 23:50:16 - [TEST_STEP][PASSED] - setText(findTestObject("Object Repository/Page_NPRU Alumni/textarea__Address"), "88 995/1"): Text '88 995/1' is set on object 'Object Repository/Page_NPRU Alumni/textarea__Address'

2564-03-09 23:50:16 - [MESSAGE][PASSED] - Text '88 995/1' is set on object 'Object Repository/Page_NPRU Alumni/textarea__Address'

2564-03-09 23:50:16 - [TEST_STEP][PASSED] - setText(findTestObject("Object Repository/Page_NPRU Alumni/input__Tel"), "0654887953"): Text '0654887953' is set on object 'Object Repository/Page_NPRU Alumni/input__Tel'

2564-03-09 23:50:17 - [MESSAGE][PASSED] - Text '0654887953' is set on object 'Object Repository/Page_NPRU Alumni/input__Tel'

2564-03-09 23:50:17 - [TEST_STEP][PASSED] - setText(findTestObject("Object Repository/Page_NPRU Alumni/input__E_mail"), "hfomck@gmail.com"): Text 'hfomck@gmail.com' is set on object 'Object Repository/Page_NPRU Alumni/input__E_mail'

2564-03-09 23:50:17 - [MESSAGE][PASSED] - Text 'hfomck@gmail.com' is set on object 'Object Repository/Page_NPRU Alumni/input__E_mail'

2564-03-09 23:50:17 - [TEST_STEP][PASSED] - setText(findTestObject("Object Repository/Page_NPRU Alumni/input__Facebook"), "gots"): Text 'gots' is set on object 'Object Repository/Page_NPRU Alumni/input__Facebook'

2564-03-09 23:50:18 - [MESSAGE][PASSED] - Text 'gots' is set on object 'Object Repository/Page_NPRU Alumni/input__Facebook'

2564-03-09 23:50:18 - [TEST_STEP][PASSED] - setText(findTestObject("Object Repository/Page_NPRU Alumni/input__Instagram"), "the_gots"): Text 'the_gots' is set on object 'Object Repository/Page_NPRU Alumni/input__Instagram'

2564-03-09 23:50:18 - [MESSAGE][PASSED] - Text 'the_gots' is set on object 'Object Repository/Page_NPRU Alumni/input__Instagram'

2564-03-09 23:50:18 - [TEST_STEP][PASSED] - click(findTestObject("Object Repository/Page_NPRU Alumni/input__Name_LastName")): Object: 'Object Repository/Page_NPRU Alumni/input__Name_LastName' is clicked on

2564-03-09 23:50:19 - [MESSAGE][PASSED] - Object: 'Object Repository/Page_NPRU Alumni/input__Name_LastName' is clicked on

2564-03-09 23:50:19 - [TEST_STEP][PASSED] - setText(findTestObject("Object Repository/Page_NPRU Alumni/input__Name_LastName"), "วรวัต รัตโนนสถ"): Text 'วรวัต รัตโนนสถ' is set on object 'Object Repository/Page_NPRU Alumni/input__Name_LastName'

2564-03-09 23:50:19 - [MESSAGE][PASSED] - Text 'วรวัต รัตโนนสถ' is set on object 'Object Repository/Page_NPRU Alumni/input__Name_LastName'

2564-03-09 23:50:19 - [TEST_STEP][PASSED] - setText(findTestObject("Object Repository/Page_NPRU Alumni/input__End_Year"), "2565"): Text '2565' is set on object 'Object Repository/Page_NPRU Alumni/input__End_Year'

2564-03-09 23:50:19 - [MESSAGE][PASSED] - Text '2565' is set on object 'Object Repository/Page_NPRU Alumni/input__End_Year'

2564-03-09 23:50:19 - [TEST_STEP][PASSED] - setText(findTestObject("Object Repository/Page_NPRU Alumni/input__Company_Name"), "วรวัต รัตโนนสถ"): Text 'วรวัต รัตโนนสถ' is set on object 'Object Repository/Page_NPRU Alumni/input__Company_Name'

2564-03-09 23:50:20 - [MESSAGE][PASSED] - Text 'วรวัต รัตโนนสถ' is set on object 'Object Repository/Page_NPRU Alumni/input__Company_Name'

2564-03-09 23:50:20 - [TEST_STEP][PASSED] - setText(findTestObject("Object Repository/Page_NPRU Alumni/textarea__Company_Address"), "88/4 155"): Text '88/4 155' is set on object 'Object Repository/Page_NPRU Alumni/textarea__Company_Address'

2564-03-09 23:50:20 - [MESSAGE][PASSED] - Text '88/4 155' is set on object 'Object Repository/Page_NPRU Alumni/textarea__Company_Address'

2564-03-09 23:50:20 - [TEST_STEP][PASSED] - setText(findTestObject("Object Repository/Page_NPRU Alumni/input__Profession"), "programmer"): Text 'programmer' is set on object 'Object Repository/Page_NPRU Alumni/input__Profession'

2564-03-09 23:50:20 - [MESSAGE][PASSED] - Text 'programmer' is set on object 'Object Repository/Page_NPRU Alumni/input__Profession'

2564-03-09 23:50:20 - [TEST_STEP][PASSED] - click(findTestObject("Object Repository/Page_NPRU Alumni/input__Rank")): Object: 'Object Repository/Page_NPRU Alumni/input__Rank' is clicked on

2564-03-09 23:50:20 - [MESSAGE][PASSED] - Object: 'Object Repository/Page_NPRU Alumni/input__Rank' is clicked on

2564-03-09 23:50:20 - [TEST_STEP][PASSED] - click(findTestObject("Object Repository/Page_NPRU Alumni/div_                                       _294fb4")): Object: 'Object Repository/Page_NPRU Alumni/div_                                       _294fb4' is clicked on

2564-03-09 23:50:21 - [MESSAGE][PASSED] - Object: 'Object Repository/Page_NPRU Alumni/div_                                       _294fb4' is clicked on

2564-03-09 23:50:21 - [TEST_STEP][PASSED] - setText(findTestObject("Object Repository/Page_NPRU Alumni/input__Rank"), "programmer"): Text 'programmer' is set on object 'Object Repository/Page_NPRU Alumni/input__Rank'

2564-03-09 23:50:21 - [MESSAGE][PASSED] - Text 'programmer' is set on object 'Object Repository/Page_NPRU Alumni/input__Rank'

2564-03-09 23:50:21 - [TEST_STEP][PASSED] - setText(findTestObject("Object Repository/Page_NPRU Alumni/input__Company_Tel"), "0659986698"): Text '0659986698' is set on object 'Object Repository/Page_NPRU Alumni/input__Company_Tel'

2564-03-09 23:50:21 - [MESSAGE][PASSED] - Text '0659986698' is set on object 'Object Repository/Page_NPRU Alumni/input__Company_Tel'

2564-03-09 23:50:21 - [TEST_STEP][PASSED] - setText(findTestObject("Object Repository/Page_NPRU Alumni/input__Username"), "earth1"): Text 'earth1' is set on object 'Object Repository/Page_NPRU Alumni/input__Username'

2564-03-09 23:50:22 - [MESSAGE][PASSED] - Text 'earth1' is set on object 'Object Repository/Page_NPRU Alumni/input__Username'

2564-03-09 23:50:22 - [TEST_STEP][PASSED] - setEncryptedText(findTestObject("Object Repository/Page_NPRU Alumni/input__Password"), "VIjOZClaB9I="): Text ****** has been set on object 'Object Repository/Page_NPRU Alumni/input__Password'

2564-03-09 23:50:22 - [MESSAGE][PASSED] - Text ****** has been set on object 'Object Repository/Page_NPRU Alumni/input__Password'

2564-03-09 23:50:22 - [TEST_STEP][PASSED] - setEncryptedText(findTestObject("Object Repository/Page_NPRU Alumni/input__Re_Password"), "VIjOZClaB9I="): Text ****** has been set on object 'Object Repository/Page_NPRU Alumni/input__Re_Password'

2564-03-09 23:50:23 - [MESSAGE][PASSED] - Text ****** has been set on object 'Object Repository/Page_NPRU Alumni/input__Re_Password'

2564-03-09 23:50:23 - [TEST_STEP][PASSED] - click(findTestObject("Object Repository/Page_NPRU Alumni/input__submit")): Object: 'Object Repository/Page_NPRU Alumni/input__submit' is clicked on

2564-03-09 23:50:23 - [MESSAGE][PASSED] - Object: 'Object Repository/Page_NPRU Alumni/input__submit' is clicked on

2564-03-09 23:50:23 - [TEST_STEP][PASSED] - verifyTextPresent("A Database Error Occurred", false): Text 'A Database Error Occurred' is present on page 

2564-03-09 23:50:23 - [MESSAGE][PASSED] - Text 'A Database Error Occurred' is present on page 

2564-03-09 23:50:23 - [TEST_STEP][PASSED] - closeBrowser(): Browser is closed

2564-03-09 23:50:24 - [MESSAGE][PASSED] - Browser is closed]]></system-out>
         <system-err><![CDATA[]]></system-err>
      </testcase>
      <testcase name="Test Cases/Register/TC 103 Register failed" time="8.874" classname="Test Cases/Register/TC 103 Register failed" status="PASSED">
         <system-out><![CDATA[2564-03-09 23:50:24 - [TEST_CASE][PASSED] - Test Cases/Register/TC 103 Register failed: Test Cases/Register/TC 103 Register failed

2564-03-09 23:50:24 - [TEST_STEP][PASSED] - openBrowser(""): Browser is opened with url: ''

2564-03-09 23:50:25 - [MESSAGE][INFO] - Starting 'Edge Chromium' driver

2564-03-09 23:50:25 - [MESSAGE][INFO] - Action delay is set to 0 milliseconds

2564-03-09 23:50:27 - [MESSAGE][PASSED] - Browser is opened with url: ''

2564-03-09 23:50:27 - [TEST_STEP][PASSED] - setViewPortSize(1600, 900): Viewport is set to new size with width = 1600 and height = 900

2564-03-09 23:50:28 - [MESSAGE][PASSED] - Viewport is set to new size with width = 1600 and height = 900

2564-03-09 23:50:28 - [TEST_STEP][PASSED] - navigateToUrl("http://localhost/Alumni/index.php/Alumni/index"): Navigate to 'http://localhost/Alumni/index.php/Alumni/index' successfully

2564-03-09 23:50:30 - [MESSAGE][PASSED] - Navigate to 'http://localhost/Alumni/index.php/Alumni/index' successfully

2564-03-09 23:50:30 - [TEST_STEP][PASSED] - click(findTestObject("Object Repository/Page_NPRU Alumni/a_Register")): Object: 'Object Repository/Page_NPRU Alumni/a_Register' is clicked on

2564-03-09 23:50:30 - [MESSAGE][PASSED] - Object: 'Object Repository/Page_NPRU Alumni/a_Register' is clicked on

2564-03-09 23:50:30 - [TEST_STEP][PASSED] - setText(findTestObject("Object Repository/Page_NPRU Alumni/input__Username"), "earth"): Text 'earth' is set on object 'Object Repository/Page_NPRU Alumni/input__Username'

2564-03-09 23:50:31 - [MESSAGE][PASSED] - Text 'earth' is set on object 'Object Repository/Page_NPRU Alumni/input__Username'

2564-03-09 23:50:31 - [TEST_STEP][PASSED] - setEncryptedText(findTestObject("Object Repository/Page_NPRU Alumni/input__Password"), "VIjOZClaB9I="): Text ****** has been set on object 'Object Repository/Page_NPRU Alumni/input__Password'

2564-03-09 23:50:31 - [MESSAGE][PASSED] - Text ****** has been set on object 'Object Repository/Page_NPRU Alumni/input__Password'

2564-03-09 23:50:31 - [TEST_STEP][PASSED] - setEncryptedText(findTestObject("Object Repository/Page_NPRU Alumni/input__Re_Password"), "VIjOZClaB9I="): Text ****** has been set on object 'Object Repository/Page_NPRU Alumni/input__Re_Password'

2564-03-09 23:50:32 - [MESSAGE][PASSED] - Text ****** has been set on object 'Object Repository/Page_NPRU Alumni/input__Re_Password'

2564-03-09 23:50:32 - [TEST_STEP][PASSED] - click(findTestObject("Object Repository/Page_NPRU Alumni/input__submit")): Object: 'Object Repository/Page_NPRU Alumni/input__submit' is clicked on

2564-03-09 23:50:32 - [MESSAGE][PASSED] - Object: 'Object Repository/Page_NPRU Alumni/input__submit' is clicked on

2564-03-09 23:50:32 - [TEST_STEP][PASSED] - verifyTextPresent("ไม่สามารถเพิ่มข้อมูลได้ค่ะ !", false): Text 'ไม่สามารถเพิ่มข้อมูลได้ค่ะ !' is present on page 

2564-03-09 23:50:32 - [MESSAGE][PASSED] - Text 'ไม่สามารถเพิ่มข้อมูลได้ค่ะ !' is present on page 

2564-03-09 23:50:32 - [TEST_STEP][PASSED] - closeBrowser(): Browser is closed

2564-03-09 23:50:33 - [MESSAGE][PASSED] - Browser is closed]]></system-out>
         <system-err><![CDATA[]]></system-err>
      </testcase>
      <system-out><![CDATA[2564-03-09 23:49:44 - [TEST_SUITE][FAILED] - UC 1 register: Test Cases/Register/TC 101 Register pass FAILED.
Reason:
com.kms.katalon.core.exception.StepFailedException: Unable to verify text '614259086' is present 
	at com.kms.katalon.core.webui.keyword.internal.WebUIKeywordMain.stepFailed(WebUIKeywordMain.groovy:64)
	at com.kms.katalon.core.webui.keyword.internal.WebUIKeywordMain.runKeyword(WebUIKeywordMain.groovy:26)
	at com.kms.katalon.core.webui.keyword.builtin.VerifyTextPresentKeyword.verifyTextPresent(VerifyTextPresentKeyword.groovy:83)
	at com.kms.katalon.core.webui.keyword.builtin.VerifyTextPresentKeyword.execute(VerifyTextPresentKeyword.groovy:68)
	at com.kms.katalon.core.keyword.internal.KeywordExecutor.executeKeywordForPlatform(KeywordExecutor.groovy:73)
	at com.kms.katalon.core.webui.keyword.WebUiBuiltInKeywords.verifyTextPresent(WebUiBuiltInKeywords.groovy:1722)
	at com.kms.katalon.core.webui.keyword.WebUiBuiltInKeywords$verifyTextPresent$5.call(Unknown Source)
	at TC 101 Register pass.run(TC 101 Register pass:71)
	at com.kms.katalon.core.main.ScriptEngine.run(ScriptEngine.java:194)
	at com.kms.katalon.core.main.ScriptEngine.runScriptAsRawText(ScriptEngine.java:119)
	at com.kms.katalon.core.main.TestCaseExecutor.runScript(TestCaseExecutor.java:398)
	at com.kms.katalon.core.main.TestCaseExecutor.doExecute(TestCaseExecutor.java:389)
	at com.kms.katalon.core.main.TestCaseExecutor.processExecutionPhase(TestCaseExecutor.java:368)
	at com.kms.katalon.core.main.TestCaseExecutor.accessMainPhase(TestCaseExecutor.java:360)
	at com.kms.katalon.core.main.TestCaseExecutor.execute(TestCaseExecutor.java:255)
	at com.kms.katalon.core.main.TestSuiteExecutor.accessTestCaseMainPhase(TestSuiteExecutor.java:203)
	at com.kms.katalon.core.main.TestSuiteExecutor.accessTestSuiteMainPhase(TestSuiteExecutor.java:152)
	at com.kms.katalon.core.main.TestSuiteExecutor.execute(TestSuiteExecutor.java:95)
	at com.kms.katalon.core.main.TestCaseMain.startTestSuite(TestCaseMain.java:157)
	at com.kms.katalon.core.main.TestCaseMain$startTestSuite$0.call(Unknown Source)
	at TempTestSuite1615308565285.run(TempTestSuite1615308565285.groovy:39)
Caused by: com.kms.katalon.core.exception.StepFailedException: Text '614259086' is not present on page 
	at com.kms.katalon.core.webui.keyword.internal.WebUIKeywordMain.stepFailed(WebUIKeywordMain.groovy:64)
	at com.kms.katalon.core.webui.keyword.builtin.VerifyTextPresentKeyword$_verifyTextPresent_closure1.doCall(VerifyTextPresentKeyword.groovy:79)
	at com.kms.katalon.core.webui.keyword.builtin.VerifyTextPresentKeyword$_verifyTextPresent_closure1.call(VerifyTextPresentKeyword.groovy)
	at com.kms.katalon.core.webui.keyword.internal.WebUIKeywordMain.runKeyword(WebUIKeywordMain.groovy:20)
	... 19 more]]></system-out>
      <system-err><![CDATA[2564-03-09 23:49:44 - [TEST_SUITE][FAILED] - UC 1 register: Test Cases/Register/TC 101 Register pass FAILED.
Reason:
com.kms.katalon.core.exception.StepFailedException: Unable to verify text '614259086' is present 
	at com.kms.katalon.core.webui.keyword.internal.WebUIKeywordMain.stepFailed(WebUIKeywordMain.groovy:64)
	at com.kms.katalon.core.webui.keyword.internal.WebUIKeywordMain.runKeyword(WebUIKeywordMain.groovy:26)
	at com.kms.katalon.core.webui.keyword.builtin.VerifyTextPresentKeyword.verifyTextPresent(VerifyTextPresentKeyword.groovy:83)
	at com.kms.katalon.core.webui.keyword.builtin.VerifyTextPresentKeyword.execute(VerifyTextPresentKeyword.groovy:68)
	at com.kms.katalon.core.keyword.internal.KeywordExecutor.executeKeywordForPlatform(KeywordExecutor.groovy:73)
	at com.kms.katalon.core.webui.keyword.WebUiBuiltInKeywords.verifyTextPresent(WebUiBuiltInKeywords.groovy:1722)
	at com.kms.katalon.core.webui.keyword.WebUiBuiltInKeywords$verifyTextPresent$5.call(Unknown Source)
	at TC 101 Register pass.run(TC 101 Register pass:71)
	at com.kms.katalon.core.main.ScriptEngine.run(ScriptEngine.java:194)
	at com.kms.katalon.core.main.ScriptEngine.runScriptAsRawText(ScriptEngine.java:119)
	at com.kms.katalon.core.main.TestCaseExecutor.runScript(TestCaseExecutor.java:398)
	at com.kms.katalon.core.main.TestCaseExecutor.doExecute(TestCaseExecutor.java:389)
	at com.kms.katalon.core.main.TestCaseExecutor.processExecutionPhase(TestCaseExecutor.java:368)
	at com.kms.katalon.core.main.TestCaseExecutor.accessMainPhase(TestCaseExecutor.java:360)
	at com.kms.katalon.core.main.TestCaseExecutor.execute(TestCaseExecutor.java:255)
	at com.kms.katalon.core.main.TestSuiteExecutor.accessTestCaseMainPhase(TestSuiteExecutor.java:203)
	at com.kms.katalon.core.main.TestSuiteExecutor.accessTestSuiteMainPhase(TestSuiteExecutor.java:152)
	at com.kms.katalon.core.main.TestSuiteExecutor.execute(TestSuiteExecutor.java:95)
	at com.kms.katalon.core.main.TestCaseMain.startTestSuite(TestCaseMain.java:157)
	at com.kms.katalon.core.main.TestCaseMain$startTestSuite$0.call(Unknown Source)
	at TempTestSuite1615308565285.run(TempTestSuite1615308565285.groovy:39)
Caused by: com.kms.katalon.core.exception.StepFailedException: Text '614259086' is not present on page 
	at com.kms.katalon.core.webui.keyword.internal.WebUIKeywordMain.stepFailed(WebUIKeywordMain.groovy:64)
	at com.kms.katalon.core.webui.keyword.builtin.VerifyTextPresentKeyword$_verifyTextPresent_closure1.doCall(VerifyTextPresentKeyword.groovy:79)
	at com.kms.katalon.core.webui.keyword.builtin.VerifyTextPresentKeyword$_verifyTextPresent_closure1.call(VerifyTextPresentKeyword.groovy)
	at com.kms.katalon.core.webui.keyword.internal.WebUIKeywordMain.runKeyword(WebUIKeywordMain.groovy:20)
	... 19 more]]></system-err>
   </testsuite>
</testsuites>
